Classic Timing Analyzer report for freqdividerusingcounter
Tue Aug 15 22:55:25 2023
Quartus II Version 8.1 Build 163 10/28/2008 SJ Web Edition


---------------------
; Table of Contents ;
---------------------
  1. Legal Notice
  2. Timing Analyzer Summary
  3. Timing Analyzer Settings
  4. Clock Settings Summary
  5. Clock Setup: 'clk'
  6. tco
  7. Timing Analyzer Messages



----------------
; Legal Notice ;
----------------
Copyright (C) 1991-2008 Altera Corporation
Your use of Altera Corporation's design tools, logic functions 
and other software and tools, and its AMPP partner logic 
functions, and any output files from any of the foregoing 
(including device programming or simulation files), and any 
associated documentation or information are expressly subject 
to the terms and conditions of the Altera Program License 
Subscription Agreement, Altera MegaCore Function License 
Agreement, or other applicable license agreement, including, 
without limitation, that your use is for the sole purpose of 
programming logic devices manufactured by Altera and sold by 
Altera or its authorized distributors.  Please refer to the 
applicable agreement for further details.



+------------------------------------------------------------------------------------------------------------------------------------------------------------------------------------------------------------------------------------------------------------------------------+
; Timing Analyzer Summary                                                                                                                                                                                                                                                      ;
+------------------------------+-------+---------------+------------------------------------------------+---------------------------------------------------------------+---------------------------------------------------------------+------------+----------+--------------+
; Type                         ; Slack ; Required Time ; Actual Time                                    ; From                                                          ; To                                                            ; From Clock ; To Clock ; Failed Paths ;
+------------------------------+-------+---------------+------------------------------------------------+---------------------------------------------------------------+---------------------------------------------------------------+------------+----------+--------------+
; Worst-case tco               ; N/A   ; None          ; 9.600 ns                                       ; lpm_counter:counter_rtl_0|alt_counter_f10ke:wysi_counter|q[4] ; out                                                           ; clk        ; --       ; 0            ;
; Clock Setup: 'clk'           ; N/A   ; None          ; Restricted to 125.00 MHz ( period = 8.000 ns ) ; lpm_counter:counter_rtl_0|alt_counter_f10ke:wysi_counter|q[0] ; lpm_counter:counter_rtl_0|alt_counter_f10ke:wysi_counter|q[4] ; clk        ; clk      ; 0            ;
; Total number of failed paths ;       ;               ;                                                ;                                                               ;                                                               ;            ;          ; 0            ;
+------------------------------+-------+---------------+------------------------------------------------+---------------------------------------------------------------+---------------------------------------------------------------+------------+----------+--------------+


+--------------------------------------------------------------------------------------------------------------------+
; Timing Analyzer Settings                                                                                           ;
+---------------------------------------------------------------------+--------------------+------+----+-------------+
; Option                                                              ; Setting            ; From ; To ; Entity Name ;
+---------------------------------------------------------------------+--------------------+------+----+-------------+
; Device Name                                                         ; EPF10K10TC144-3    ;      ;    ;             ;
; Timing Models                                                       ; Final              ;      ;    ;             ;
; Default hold multicycle                                             ; Same as Multicycle ;      ;    ;             ;
; Cut paths between unrelated clock domains                           ; On                 ;      ;    ;             ;
; Cut off read during write signal paths                              ; On                 ;      ;    ;             ;
; Cut off feedback from I/O pins                                      ; On                 ;      ;    ;             ;
; Report Combined Fast/Slow Timing                                    ; Off                ;      ;    ;             ;
; Ignore Clock Settings                                               ; Off                ;      ;    ;             ;
; Analyze latches as synchronous elements                             ; On                 ;      ;    ;             ;
; Enable Recovery/Removal analysis                                    ; Off                ;      ;    ;             ;
; Enable Clock Latency                                                ; Off                ;      ;    ;             ;
; Use TimeQuest Timing Analyzer                                       ; Off                ;      ;    ;             ;
; Minimum Core Junction Temperature                                   ; 0                  ;      ;    ;             ;
; Maximum Core Junction Temperature                                   ; 85                 ;      ;    ;             ;
; Number of source nodes to report per destination node               ; 10                 ;      ;    ;             ;
; Number of destination nodes to report                               ; 10                 ;      ;    ;             ;
; Number of paths to report                                           ; 200                ;      ;    ;             ;
; Report Minimum Timing Checks                                        ; Off                ;      ;    ;             ;
; Use Fast Timing Models                                              ; Off                ;      ;    ;             ;
; Report IO Paths Separately                                          ; Off                ;      ;    ;             ;
; Perform Multicorner Analysis                                        ; Off                ;      ;    ;             ;
; Reports the worst-case path for each clock domain and analysis      ; Off                ;      ;    ;             ;
; Removes common clock path pessimism (CCPP) during slack computation ; Off                ;      ;    ;             ;
; Output I/O Timing Endpoint                                          ; Near End           ;      ;    ;             ;
+---------------------------------------------------------------------+--------------------+------+----+-------------+


+------------------------------------------------------------------------------------------------------------------------------------------------------------------------------------+
; Clock Settings Summary                                                                                                                                                             ;
+-----------------+--------------------+----------+------------------+---------------+--------------+----------+-----------------------+---------------------+--------+--------------+
; Clock Node Name ; Clock Setting Name ; Type     ; Fmax Requirement ; Early Latency ; Late Latency ; Based on ; Multiply Base Fmax by ; Divide Base Fmax by ; Offset ; Phase offset ;
+-----------------+--------------------+----------+------------------+---------------+--------------+----------+-----------------------+---------------------+--------+--------------+
; clk             ;                    ; User Pin ; None             ; 0.000 ns      ; 0.000 ns     ; --       ; N/A                   ; N/A                 ; N/A    ;              ;
+-----------------+--------------------+----------+------------------+---------------+--------------+----------+-----------------------+---------------------+--------+--------------+


+----------------------------------------------------------------------------------------------------------------------------------------------------------------------------------------------------------------------------------------------------------------------------------------------------+
; Clock Setup: 'clk'                                                                                                                                                                                                                                                                                 ;
+-------+------------------------------------------------+---------------------------------------------------------------+---------------------------------------------------------------+------------+----------+-----------------------------+---------------------------+-------------------------+
; Slack ; Actual fmax (period)                           ; From                                                          ; To                                                            ; From Clock ; To Clock ; Required Setup Relationship ; Required Longest P2P Time ; Actual Longest P2P Time ;
+-------+------------------------------------------------+---------------------------------------------------------------+---------------------------------------------------------------+------------+----------+-----------------------------+---------------------------+-------------------------+
; N/A   ; Restricted to 125.00 MHz ( period = 8.000 ns ) ; lpm_counter:counter_rtl_0|alt_counter_f10ke:wysi_counter|q[0] ; lpm_counter:counter_rtl_0|alt_counter_f10ke:wysi_counter|q[4] ; clk        ; clk      ; None                        ; None                      ; 2.100 ns                ;
; N/A   ; Restricted to 125.00 MHz ( period = 8.000 ns ) ; lpm_counter:counter_rtl_0|alt_counter_f10ke:wysi_counter|q[1] ; lpm_counter:counter_rtl_0|alt_counter_f10ke:wysi_counter|q[4] ; clk        ; clk      ; None                        ; None                      ; 1.900 ns                ;
; N/A   ; Restricted to 125.00 MHz ( period = 8.000 ns ) ; lpm_counter:counter_rtl_0|alt_counter_f10ke:wysi_counter|q[0] ; lpm_counter:counter_rtl_0|alt_counter_f10ke:wysi_counter|q[3] ; clk        ; clk      ; None                        ; None                      ; 1.900 ns                ;
; N/A   ; Restricted to 125.00 MHz ( period = 8.000 ns ) ; lpm_counter:counter_rtl_0|alt_counter_f10ke:wysi_counter|q[2] ; lpm_counter:counter_rtl_0|alt_counter_f10ke:wysi_counter|q[4] ; clk        ; clk      ; None                        ; None                      ; 1.700 ns                ;
; N/A   ; Restricted to 125.00 MHz ( period = 8.000 ns ) ; lpm_counter:counter_rtl_0|alt_counter_f10ke:wysi_counter|q[1] ; lpm_counter:counter_rtl_0|alt_counter_f10ke:wysi_counter|q[3] ; clk        ; clk      ; None                        ; None                      ; 1.700 ns                ;
; N/A   ; Restricted to 125.00 MHz ( period = 8.000 ns ) ; lpm_counter:counter_rtl_0|alt_counter_f10ke:wysi_counter|q[0] ; lpm_counter:counter_rtl_0|alt_counter_f10ke:wysi_counter|q[2] ; clk        ; clk      ; None                        ; None                      ; 1.700 ns                ;
; N/A   ; Restricted to 125.00 MHz ( period = 8.000 ns ) ; lpm_counter:counter_rtl_0|alt_counter_f10ke:wysi_counter|q[4] ; lpm_counter:counter_rtl_0|alt_counter_f10ke:wysi_counter|q[4] ; clk        ; clk      ; None                        ; None                      ; 1.500 ns                ;
; N/A   ; Restricted to 125.00 MHz ( period = 8.000 ns ) ; lpm_counter:counter_rtl_0|alt_counter_f10ke:wysi_counter|q[3] ; lpm_counter:counter_rtl_0|alt_counter_f10ke:wysi_counter|q[4] ; clk        ; clk      ; None                        ; None                      ; 1.500 ns                ;
; N/A   ; Restricted to 125.00 MHz ( period = 8.000 ns ) ; lpm_counter:counter_rtl_0|alt_counter_f10ke:wysi_counter|q[3] ; lpm_counter:counter_rtl_0|alt_counter_f10ke:wysi_counter|q[3] ; clk        ; clk      ; None                        ; None                      ; 1.500 ns                ;
; N/A   ; Restricted to 125.00 MHz ( period = 8.000 ns ) ; lpm_counter:counter_rtl_0|alt_counter_f10ke:wysi_counter|q[2] ; lpm_counter:counter_rtl_0|alt_counter_f10ke:wysi_counter|q[3] ; clk        ; clk      ; None                        ; None                      ; 1.500 ns                ;
; N/A   ; Restricted to 125.00 MHz ( period = 8.000 ns ) ; lpm_counter:counter_rtl_0|alt_counter_f10ke:wysi_counter|q[2] ; lpm_counter:counter_rtl_0|alt_counter_f10ke:wysi_counter|q[2] ; clk        ; clk      ; None                        ; None                      ; 1.500 ns                ;
; N/A   ; Restricted to 125.00 MHz ( period = 8.000 ns ) ; lpm_counter:counter_rtl_0|alt_counter_f10ke:wysi_counter|q[1] ; lpm_counter:counter_rtl_0|alt_counter_f10ke:wysi_counter|q[2] ; clk        ; clk      ; None                        ; None                      ; 1.500 ns                ;
; N/A   ; Restricted to 125.00 MHz ( period = 8.000 ns ) ; lpm_counter:counter_rtl_0|alt_counter_f10ke:wysi_counter|q[1] ; lpm_counter:counter_rtl_0|alt_counter_f10ke:wysi_counter|q[1] ; clk        ; clk      ; None                        ; None                      ; 1.500 ns                ;
; N/A   ; Restricted to 125.00 MHz ( period = 8.000 ns ) ; lpm_counter:counter_rtl_0|alt_counter_f10ke:wysi_counter|q[0] ; lpm_counter:counter_rtl_0|alt_counter_f10ke:wysi_counter|q[1] ; clk        ; clk      ; None                        ; None                      ; 1.500 ns                ;
; N/A   ; Restricted to 125.00 MHz ( period = 8.000 ns ) ; lpm_counter:counter_rtl_0|alt_counter_f10ke:wysi_counter|q[0] ; lpm_counter:counter_rtl_0|alt_counter_f10ke:wysi_counter|q[0] ; clk        ; clk      ; None                        ; None                      ; 1.500 ns                ;
+-------+------------------------------------------------+---------------------------------------------------------------+---------------------------------------------------------------+------------+----------+-----------------------------+---------------------------+-------------------------+


+----------------------------------------------------------------------------------------------------------------------+
; tco                                                                                                                  ;
+-------+--------------+------------+---------------------------------------------------------------+-----+------------+
; Slack ; Required tco ; Actual tco ; From                                                          ; To  ; From Clock ;
+-------+--------------+------------+---------------------------------------------------------------+-----+------------+
; N/A   ; None         ; 9.600 ns   ; lpm_counter:counter_rtl_0|alt_counter_f10ke:wysi_counter|q[4] ; out ; clk        ;
+-------+--------------+------------+---------------------------------------------------------------+-----+------------+


+--------------------------+
; Timing Analyzer Messages ;
+--------------------------+
Info: *******************************************************************
Info: Running Quartus II Classic Timing Analyzer
    Info: Version 8.1 Build 163 10/28/2008 SJ Web Edition
    Info: Processing started: Tue Aug 15 22:55:25 2023
Info: Command: quartus_tan --read_settings_files=off --write_settings_files=off freqdividerusingcounter -c freqdividerusingcounter
Info: Started post-fitting delay annotation
Info: Delay annotation completed successfully
Warning: Found pins functioning as undefined clocks and/or memory enables
    Info: Assuming node "clk" is an undefined clock
Info: Clock "clk" Internal fmax is restricted to 125.0 MHz between source register "lpm_counter:counter_rtl_0|alt_counter_f10ke:wysi_counter|q[0]" and destination register "lpm_counter:counter_rtl_0|alt_counter_f10ke:wysi_counter|q[4]"
    Info: fmax restricted to Clock High delay (4.0 ns) plus Clock Low delay (4.0 ns) : restricted to 8.0 ns. Expand message to see actual delay path.
        Info: + Longest register to register delay is 2.100 ns
            Info: 1: + IC(0.000 ns) + CELL(0.000 ns) = 0.000 ns; Loc. = LC2_A1; Fanout = 2; REG Node = 'lpm_counter:counter_rtl_0|alt_counter_f10ke:wysi_counter|q[0]'
            Info: 2: + IC(0.000 ns) + CELL(0.900 ns) = 0.900 ns; Loc. = LC2_A1; Fanout = 2; COMB Node = 'lpm_counter:counter_rtl_0|alt_counter_f10ke:wysi_counter|counter_cell[0]~COUT'
            Info: 3: + IC(0.000 ns) + CELL(0.200 ns) = 1.100 ns; Loc. = LC3_A1; Fanout = 2; COMB Node = 'lpm_counter:counter_rtl_0|alt_counter_f10ke:wysi_counter|counter_cell[1]~COUT'
            Info: 4: + IC(0.000 ns) + CELL(0.200 ns) = 1.300 ns; Loc. = LC4_A1; Fanout = 2; COMB Node = 'lpm_counter:counter_rtl_0|alt_counter_f10ke:wysi_counter|counter_cell[2]~COUT'
            Info: 5: + IC(0.000 ns) + CELL(0.200 ns) = 1.500 ns; Loc. = LC5_A1; Fanout = 1; COMB Node = 'lpm_counter:counter_rtl_0|alt_counter_f10ke:wysi_counter|counter_cell[3]~COUT'
            Info: 6: + IC(0.000 ns) + CELL(0.600 ns) = 2.100 ns; Loc. = LC6_A1; Fanout = 2; REG Node = 'lpm_counter:counter_rtl_0|alt_counter_f10ke:wysi_counter|q[4]'
            Info: Total cell delay = 2.100 ns ( 100.00 % )
        Info: - Smallest clock skew is 0.000 ns
            Info: + Shortest clock path from clock "clk" to destination register is 3.900 ns
                Info: 1: + IC(0.000 ns) + CELL(1.900 ns) = 1.900 ns; Loc. = PIN_55; Fanout = 5; CLK Node = 'clk'
                Info: 2: + IC(2.000 ns) + CELL(0.000 ns) = 3.900 ns; Loc. = LC6_A1; Fanout = 2; REG Node = 'lpm_counter:counter_rtl_0|alt_counter_f10ke:wysi_counter|q[4]'
                Info: Total cell delay = 1.900 ns ( 48.72 % )
                Info: Total interconnect delay = 2.000 ns ( 51.28 % )
            Info: - Longest clock path from clock "clk" to source register is 3.900 ns
                Info: 1: + IC(0.000 ns) + CELL(1.900 ns) = 1.900 ns; Loc. = PIN_55; Fanout = 5; CLK Node = 'clk'
                Info: 2: + IC(2.000 ns) + CELL(0.000 ns) = 3.900 ns; Loc. = LC2_A1; Fanout = 2; REG Node = 'lpm_counter:counter_rtl_0|alt_counter_f10ke:wysi_counter|q[0]'
                Info: Total cell delay = 1.900 ns ( 48.72 % )
                Info: Total interconnect delay = 2.000 ns ( 51.28 % )
        Info: + Micro clock to output delay of source is 0.900 ns
        Info: + Micro setup delay of destination is 1.300 ns
Info: tco from clock "clk" to destination pin "out" through register "lpm_counter:counter_rtl_0|alt_counter_f10ke:wysi_counter|q[4]" is 9.600 ns
    Info: + Longest clock path from clock "clk" to source register is 3.900 ns
        Info: 1: + IC(0.000 ns) + CELL(1.900 ns) = 1.900 ns; Loc. = PIN_55; Fanout = 5; CLK Node = 'clk'
        Info: 2: + IC(2.000 ns) + CELL(0.000 ns) = 3.900 ns; Loc. = LC6_A1; Fanout = 2; REG Node = 'lpm_counter:counter_rtl_0|alt_counter_f10ke:wysi_counter|q[4]'
        Info: Total cell delay = 1.900 ns ( 48.72 % )
        Info: Total interconnect delay = 2.000 ns ( 51.28 % )
    Info: + Micro clock to output delay of source is 0.900 ns
    Info: + Longest register to pin delay is 4.800 ns
        Info: 1: + IC(0.000 ns) + CELL(0.000 ns) = 0.000 ns; Loc. = LC6_A1; Fanout = 2; REG Node = 'lpm_counter:counter_rtl_0|alt_counter_f10ke:wysi_counter|q[4]'
        Info: 2: + IC(0.900 ns) + CELL(3.900 ns) = 4.800 ns; Loc. = PIN_73; Fanout = 0; PIN Node = 'out'
        Info: Total cell delay = 3.900 ns ( 81.25 % )
        Info: Total interconnect delay = 0.900 ns ( 18.75 % )
Info: Quartus II Classic Timing Analyzer was successful. 0 errors, 1 warning
    Info: Peak virtual memory: 176 megabytes
    Info: Processing ended: Tue Aug 15 22:55:26 2023
    Info: Elapsed time: 00:00:01
    Info: Total CPU time (on all processors): 00:00:00


