Analysis & Synthesis report for sapcontroller
Tue Sep 12 21:37:38 2023
Quartus II Version 8.1 Build 163 10/28/2008 SJ Web Edition


---------------------
; Table of Contents ;
---------------------
  1. Legal Notice
  2. Analysis & Synthesis Summary
  3. Analysis & Synthesis Settings
  4. Analysis & Synthesis Source Files Read
  5. Analysis & Synthesis Resource Usage Summary
  6. Analysis & Synthesis Resource Utilization by Entity
  7. State Machine - |sapcontroller|y
  8. User-Specified and Inferred Latches
  9. Registers Removed During Synthesis
 10. General Register Statistics
 11. Parameter Settings for User Entity Instance: Top-level Entity: |sapcontroller
 12. Analysis & Synthesis Messages
 13. Analysis & Synthesis Suppressed Messages



----------------
; Legal Notice ;
----------------
Copyright (C) 1991-2008 Altera Corporation
Your use of Altera Corporation's design tools, logic functions 
and other software and tools, and its AMPP partner logic 
functions, and any output files from any of the foregoing 
(including device programming or simulation files), and any 
associated documentation or information are expressly subject 
to the terms and conditions of the Altera Program License 
Subscription Agreement, Altera MegaCore Function License 
Agreement, or other applicable license agreement, including, 
without limitation, that your use is for the sole purpose of 
programming logic devices manufactured by Altera and sold by 
Altera or its authorized distributors.  Please refer to the 
applicable agreement for further details.



+-----------------------------------------------------------------------+
; Analysis & Synthesis Summary                                          ;
+-----------------------------+-----------------------------------------+
; Analysis & Synthesis Status ; Successful - Tue Sep 12 21:37:38 2023   ;
; Quartus II Version          ; 8.1 Build 163 10/28/2008 SJ Web Edition ;
; Revision Name               ; sapcontroller                           ;
; Top-level Entity Name       ; sapcontroller                           ;
; Family                      ; FLEX10K                                 ;
; Total logic elements        ; 30                                      ;
; Total pins                  ; 18                                      ;
; Total memory bits           ; 0                                       ;
+-----------------------------+-----------------------------------------+


+--------------------------------------------------------------------------------------------------+
; Analysis & Synthesis Settings                                                                    ;
+----------------------------------------------------------------+-----------------+---------------+
; Option                                                         ; Setting         ; Default Value ;
+----------------------------------------------------------------+-----------------+---------------+
; Device                                                         ; EPF10K10TC144-3 ;               ;
; Top-level entity name                                          ; sapcontroller   ; sapcontroller ;
; Family name                                                    ; FLEX10K         ; Stratix II    ;
; Use Generated Physical Constraints File                        ; Off             ;               ;
; Use smart compilation                                          ; Off             ; Off           ;
; Create Debugging Nodes for IP Cores                            ; Off             ; Off           ;
; Preserve fewer node names                                      ; On              ; On            ;
; Disable OpenCore Plus hardware evaluation                      ; Off             ; Off           ;
; Verilog Version                                                ; Verilog_2001    ; Verilog_2001  ;
; VHDL Version                                                   ; VHDL93          ; VHDL93        ;
; State Machine Processing                                       ; Auto            ; Auto          ;
; Safe State Machine                                             ; Off             ; Off           ;
; Extract Verilog State Machines                                 ; On              ; On            ;
; Extract VHDL State Machines                                    ; On              ; On            ;
; Ignore Verilog initial constructs                              ; Off             ; Off           ;
; Iteration limit for constant Verilog loops                     ; 5000            ; 5000          ;
; Iteration limit for non-constant Verilog loops                 ; 250             ; 250           ;
; Add Pass-Through Logic to Inferred RAMs                        ; On              ; On            ;
; Parallel Synthesis                                             ; Off             ; Off           ;
; NOT Gate Push-Back                                             ; On              ; On            ;
; Power-Up Don't Care                                            ; On              ; On            ;
; Remove Redundant Logic Cells                                   ; Off             ; Off           ;
; Remove Duplicate Registers                                     ; On              ; On            ;
; Ignore CARRY Buffers                                           ; Off             ; Off           ;
; Ignore CASCADE Buffers                                         ; Off             ; Off           ;
; Ignore GLOBAL Buffers                                          ; Off             ; Off           ;
; Ignore ROW GLOBAL Buffers                                      ; Off             ; Off           ;
; Ignore LCELL Buffers                                           ; Off             ; Off           ;
; Ignore SOFT Buffers                                            ; On              ; On            ;
; Limit AHDL Integers to 32 Bits                                 ; Off             ; Off           ;
; Auto Implement in ROM                                          ; Off             ; Off           ;
; Optimization Technique                                         ; Area            ; Area          ;
; Carry Chain Length                                             ; 32              ; 32            ;
; Cascade Chain Length                                           ; 2               ; 2             ;
; Auto Carry Chains                                              ; On              ; On            ;
; Auto Open-Drain Pins                                           ; On              ; On            ;
; Auto ROM Replacement                                           ; On              ; On            ;
; Auto RAM Replacement                                           ; On              ; On            ;
; Auto Clock Enable Replacement                                  ; On              ; On            ;
; Strict RAM Replacement                                         ; Off             ; Off           ;
; Auto Resource Sharing                                          ; Off             ; Off           ;
; Allow Any RAM Size For Recognition                             ; Off             ; Off           ;
; Allow Any ROM Size For Recognition                             ; Off             ; Off           ;
; Use LogicLock Constraints during Resource Balancing            ; On              ; On            ;
; Ignore translate_off and synthesis_off directives              ; Off             ; Off           ;
; Show Parameter Settings Tables in Synthesis Report             ; On              ; On            ;
; HDL message level                                              ; Level2          ; Level2        ;
; Suppress Register Optimization Related Messages                ; Off             ; Off           ;
; Number of Removed Registers Reported in Synthesis Report       ; 100             ; 100           ;
; Number of Inverted Registers Reported in Synthesis Report      ; 100             ; 100           ;
; Block Design Naming                                            ; Auto            ; Auto          ;
; Synthesis Effort                                               ; Auto            ; Auto          ;
; Allows Asynchronous Clear Usage For Shift Register Replacement ; On              ; On            ;
; Analysis & Synthesis Message Level                             ; Medium          ; Medium        ;
+----------------------------------------------------------------+-----------------+---------------+


+-----------------------------------------------------------------------------------------------------------------------------------+
; Analysis & Synthesis Source Files Read                                                                                            ;
+----------------------------------+-----------------+------------------------+-----------------------------------------------------+
; File Name with User-Entered Path ; Used in Netlist ; File Type              ; File Name with Absolute Path                        ;
+----------------------------------+-----------------+------------------------+-----------------------------------------------------+
; sapcontroller.v                  ; yes             ; User Verilog HDL File  ; F:/Verilog Codes/exp6/sapcontroller/sapcontroller.v ;
+----------------------------------+-----------------+------------------------+-----------------------------------------------------+


+------------------------------------------------+
; Analysis & Synthesis Resource Usage Summary    ;
+--------------------------------+---------------+
; Resource                       ; Usage         ;
+--------------------------------+---------------+
; Total logic elements           ; 30            ;
; Total combinational functions  ; 28            ;
;     -- Total 4-input functions ; 8             ;
;     -- Total 3-input functions ; 14            ;
;     -- Total 2-input functions ; 4             ;
;     -- Total 1-input functions ; 2             ;
;     -- Total 0-input functions ; 0             ;
; Total registers                ; 6             ;
; I/O pins                       ; 18            ;
; Maximum fan-out node           ; Selector17~48 ;
; Maximum fan-out                ; 6             ;
; Total fan-out                  ; 109           ;
; Average fan-out                ; 2.27          ;
+--------------------------------+---------------+


+--------------------------------------------------------------------------------------------------------------------------------------------------------------------------------------------------------+
; Analysis & Synthesis Resource Utilization by Entity                                                                                                                                                    ;
+----------------------------+-------------+--------------+-------------+------+--------------+-------------------+------------------+-----------------+------------+---------------------+--------------+
; Compilation Hierarchy Node ; Logic Cells ; LC Registers ; Memory Bits ; Pins ; LUT-Only LCs ; Register-Only LCs ; LUT/Register LCs ; Carry Chain LCs ; Packed LCs ; Full Hierarchy Name ; Library Name ;
+----------------------------+-------------+--------------+-------------+------+--------------+-------------------+------------------+-----------------+------------+---------------------+--------------+
; |sapcontroller             ; 30 (30)     ; 6            ; 0           ; 18   ; 24 (24)      ; 2 (2)             ; 4 (4)            ; 0 (0)           ; 0 (0)      ; |sapcontroller      ; work         ;
+----------------------------+-------------+--------------+-------------+------+--------------+-------------------+------------------+-----------------+------------+---------------------+--------------+
Note: For table entries with two numbers listed, the numbers in parentheses indicate the number of resources of the given type used by the specific entity alone. The numbers listed outside of parentheses indicate the total resources of the given type used by the specific entity and all of its sub-entities in the hierarchy.


Encoding Type:  One-Hot
+------------------------------------------------+
; State Machine - |sapcontroller|y               ;
+------+------+------+------+------+------+------+
; Name ; y.t6 ; y.t5 ; y.t4 ; y.t3 ; y.t2 ; y.t1 ;
+------+------+------+------+------+------+------+
; y.t1 ; 0    ; 0    ; 0    ; 0    ; 0    ; 0    ;
; y.t2 ; 0    ; 0    ; 0    ; 0    ; 1    ; 1    ;
; y.t3 ; 0    ; 0    ; 0    ; 1    ; 0    ; 1    ;
; y.t4 ; 0    ; 0    ; 1    ; 0    ; 0    ; 1    ;
; y.t5 ; 0    ; 1    ; 0    ; 0    ; 0    ; 1    ;
; y.t6 ; 1    ; 0    ; 0    ; 0    ; 0    ; 1    ;
+------+------+------+------+------+------+------+


+----------------------------------------------------------------------------------------------------+
; User-Specified and Inferred Latches                                                                ;
+-----------------------------------------------------+---------------------+------------------------+
; Latch Name                                          ; Latch Enable Signal ; Free of Timing Hazards ;
+-----------------------------------------------------+---------------------+------------------------+
; controller[1]$latch                                 ; Selector17          ; yes                    ;
; controller[2]$latch                                 ; Selector17          ; yes                    ;
; controller[3]$latch                                 ; Selector17          ; yes                    ;
; controller[5]$latch                                 ; Selector17          ; yes                    ;
; controller[6]$latch                                 ; Selector17          ; yes                    ;
; controller[7]$latch                                 ; Selector17          ; yes                    ;
; controller[8]$latch                                 ; Selector19          ; yes                    ;
; controller[9]$latch                                 ; Selector19          ; yes                    ;
; controller[10]$latch                                ; Selector19          ; yes                    ;
; controller[11]$latch                                ; Selector19          ; yes                    ;
; controller[12]$latch                                ; Selector19          ; yes                    ;
; Number of user-specified and inferred latches = 11  ;                     ;                        ;
+-----------------------------------------------------+---------------------+------------------------+
Note: All latches listed above may not be present at the end of synthesis due to various synthesis optimizations.


+------------------------------------------------------------+
; Registers Removed During Synthesis                         ;
+---------------------------------------+--------------------+
; Register name                         ; Reason for Removal ;
+---------------------------------------+--------------------+
; y~20                                  ; Lost fanout        ;
; y~21                                  ; Lost fanout        ;
; y~22                                  ; Lost fanout        ;
; y~23                                  ; Lost fanout        ;
; Total Number of Removed Registers = 4 ;                    ;
+---------------------------------------+--------------------+


+------------------------------------------------------+
; General Register Statistics                          ;
+----------------------------------------------+-------+
; Statistic                                    ; Value ;
+----------------------------------------------+-------+
; Total registers                              ; 6     ;
; Number of registers using Synchronous Clear  ; 0     ;
; Number of registers using Synchronous Load   ; 0     ;
; Number of registers using Asynchronous Clear ; 6     ;
; Number of registers using Asynchronous Load  ; 0     ;
; Number of registers using Clock Enable       ; 0     ;
; Number of registers using Preset             ; 0     ;
+----------------------------------------------+-------+


+-------------------------------------------------------------------------------+
; Parameter Settings for User Entity Instance: Top-level Entity: |sapcontroller ;
+----------------+-------+------------------------------------------------------+
; Parameter Name ; Value ; Type                                                 ;
+----------------+-------+------------------------------------------------------+
; LDA            ; 0000  ; Unsigned Binary                                      ;
; ADD            ; 0001  ; Unsigned Binary                                      ;
; SUB            ; 0010  ; Unsigned Binary                                      ;
; OUT            ; 1110  ; Unsigned Binary                                      ;
; HLT            ; 1111  ; Unsigned Binary                                      ;
; t1             ; 0001  ; Unsigned Binary                                      ;
; t2             ; 0010  ; Unsigned Binary                                      ;
; t3             ; 0011  ; Unsigned Binary                                      ;
; t4             ; 0100  ; Unsigned Binary                                      ;
; t5             ; 0101  ; Unsigned Binary                                      ;
; t6             ; 0110  ; Unsigned Binary                                      ;
+----------------+-------+------------------------------------------------------+
Note: In order to hide this table in the UI and the text report file, please set the "Show Parameter Settings Tables in Synthesis Report" option in "Analysis and Synthesis Settings -> More Settings" to "Off".


+-------------------------------+
; Analysis & Synthesis Messages ;
+-------------------------------+
Info: *******************************************************************
Info: Running Quartus II Analysis & Synthesis
    Info: Version 8.1 Build 163 10/28/2008 SJ Web Edition
    Info: Processing started: Tue Sep 12 21:37:35 2023
Info: Command: quartus_map --read_settings_files=on --write_settings_files=off sapcontroller -c sapcontroller
Info: Found 1 design units, including 1 entities, in source file sapcontroller.v
    Info: Found entity 1: sapcontroller
Info: Elaborating entity "sapcontroller" for the top level hierarchy
Warning (10270): Verilog HDL Case Statement warning at sapcontroller.v(33): incomplete case statement has no default case item
Warning (10270): Verilog HDL Case Statement warning at sapcontroller.v(45): incomplete case statement has no default case item
Warning (10270): Verilog HDL Case Statement warning at sapcontroller.v(57): incomplete case statement has no default case item
Warning (10240): Verilog HDL Always Construct warning at sapcontroller.v(10): inferring latch(es) for variable "controller", which holds its previous value in one or more paths through the always construct
Info (10041): Inferred latch for "controller[1]" at sapcontroller.v(10)
Info (10041): Inferred latch for "controller[2]" at sapcontroller.v(10)
Info (10041): Inferred latch for "controller[3]" at sapcontroller.v(10)
Info (10041): Inferred latch for "controller[4]" at sapcontroller.v(10)
Info (10041): Inferred latch for "controller[5]" at sapcontroller.v(10)
Info (10041): Inferred latch for "controller[6]" at sapcontroller.v(10)
Info (10041): Inferred latch for "controller[7]" at sapcontroller.v(10)
Info (10041): Inferred latch for "controller[8]" at sapcontroller.v(10)
Info (10041): Inferred latch for "controller[9]" at sapcontroller.v(10)
Info (10041): Inferred latch for "controller[10]" at sapcontroller.v(10)
Info (10041): Inferred latch for "controller[11]" at sapcontroller.v(10)
Info (10041): Inferred latch for "controller[12]" at sapcontroller.v(10)
Warning: Latch controller[1]$latch has unsafe behavior
    Warning: Ports D and ENA on the latch are fed by the same signal operation_code[1]
Warning: Latch controller[2]$latch has unsafe behavior
    Warning: Ports D and ENA on the latch are fed by the same signal operation_code[1]
Warning: Latch controller[3]$latch has unsafe behavior
    Warning: Ports D and ENA on the latch are fed by the same signal operation_code[1]
Warning: Latch controller[5]$latch has unsafe behavior
    Warning: Ports D and ENA on the latch are fed by the same signal operation_code[1]
Warning: Latch controller[6]$latch has unsafe behavior
    Warning: Ports D and ENA on the latch are fed by the same signal operation_code[1]
Warning: Latch controller[7]$latch has unsafe behavior
    Warning: Ports D and ENA on the latch are fed by the same signal operation_code[1]
Warning: Latch controller[9]$latch has unsafe behavior
    Warning: Ports D and ENA on the latch are fed by the same signal operation_code[3]
Warning: Latch controller[10]$latch has unsafe behavior
    Warning: Ports D and ENA on the latch are fed by the same signal y.t4
Warning: Output pins are stuck at VCC or GND
    Warning (13410): Pin "controller[4]" is stuck at GND
Info: 4 registers lost all their fanouts during netlist optimizations. The first 4 are displayed below.
    Info: Register "y~20" lost all its fanouts during netlist optimizations.
    Info: Register "y~21" lost all its fanouts during netlist optimizations.
    Info: Register "y~22" lost all its fanouts during netlist optimizations.
    Info: Register "y~23" lost all its fanouts during netlist optimizations.
Info: Implemented 48 device resources after synthesis - the final resource count might be different
    Info: Implemented 6 input pins
    Info: Implemented 12 output pins
    Info: Implemented 30 logic cells
Info: Generated suppressed messages file F:/Verilog Codes/exp6/sapcontroller/sapcontroller.map.smsg
Info: Quartus II Analysis & Synthesis was successful. 0 errors, 22 warnings
    Info: Peak virtual memory: 213 megabytes
    Info: Processing ended: Tue Sep 12 21:37:38 2023
    Info: Elapsed time: 00:00:03
    Info: Total CPU time (on all processors): 00:00:02


+------------------------------------------+
; Analysis & Synthesis Suppressed Messages ;
+------------------------------------------+
The suppressed messages can be found in F:/Verilog Codes/exp6/sapcontroller/sapcontroller.map.smsg.


