Analysis & Synthesis report for upanddowncounter_evenodd
Wed Aug 16 11:53:37 2023
Quartus II Version 8.1 Build 163 10/28/2008 SJ Web Edition


---------------------
; Table of Contents ;
---------------------
  1. Legal Notice
  2. Analysis & Synthesis Summary
  3. Analysis & Synthesis Settings
  4. Analysis & Synthesis Source Files Read
  5. Analysis & Synthesis Resource Usage Summary
  6. Analysis & Synthesis Resource Utilization by Entity
  7. General Register Statistics
  8. Source assignments for lpm_counter:Q_rtl_0
  9. Parameter Settings for Inferred Entity Instance: lpm_counter:Q_rtl_0
 10. Analysis & Synthesis Messages



----------------
; Legal Notice ;
----------------
Copyright (C) 1991-2008 Altera Corporation
Your use of Altera Corporation's design tools, logic functions 
and other software and tools, and its AMPP partner logic 
functions, and any output files from any of the foregoing 
(including device programming or simulation files), and any 
associated documentation or information are expressly subject 
to the terms and conditions of the Altera Program License 
Subscription Agreement, Altera MegaCore Function License 
Agreement, or other applicable license agreement, including, 
without limitation, that your use is for the sole purpose of 
programming logic devices manufactured by Altera and sold by 
Altera or its authorized distributors.  Please refer to the 
applicable agreement for further details.



+-----------------------------------------------------------------------+
; Analysis & Synthesis Summary                                          ;
+-----------------------------+-----------------------------------------+
; Analysis & Synthesis Status ; Successful - Wed Aug 16 11:53:37 2023   ;
; Quartus II Version          ; 8.1 Build 163 10/28/2008 SJ Web Edition ;
; Revision Name               ; upanddowncounter_evenodd                ;
; Top-level Entity Name       ; upanddowncounter_evenodd                ;
; Family                      ; FLEX10K                                 ;
; Total logic elements        ; 9                                       ;
; Total pins                  ; 18                                      ;
; Total memory bits           ; 0                                       ;
+-----------------------------+-----------------------------------------+


+----------------------------------------------------------------------------------------------------------------------+
; Analysis & Synthesis Settings                                                                                        ;
+----------------------------------------------------------------+--------------------------+--------------------------+
; Option                                                         ; Setting                  ; Default Value            ;
+----------------------------------------------------------------+--------------------------+--------------------------+
; Device                                                         ; EPF10K10TC144-3          ;                          ;
; Top-level entity name                                          ; upanddowncounter_evenodd ; upanddowncounter_evenodd ;
; Family name                                                    ; FLEX10K                  ; Stratix II               ;
; Use Generated Physical Constraints File                        ; Off                      ;                          ;
; Use smart compilation                                          ; Off                      ; Off                      ;
; Create Debugging Nodes for IP Cores                            ; Off                      ; Off                      ;
; Preserve fewer node names                                      ; On                       ; On                       ;
; Disable OpenCore Plus hardware evaluation                      ; Off                      ; Off                      ;
; Verilog Version                                                ; Verilog_2001             ; Verilog_2001             ;
; VHDL Version                                                   ; VHDL93                   ; VHDL93                   ;
; State Machine Processing                                       ; Auto                     ; Auto                     ;
; Safe State Machine                                             ; Off                      ; Off                      ;
; Extract Verilog State Machines                                 ; On                       ; On                       ;
; Extract VHDL State Machines                                    ; On                       ; On                       ;
; Ignore Verilog initial constructs                              ; Off                      ; Off                      ;
; Iteration limit for constant Verilog loops                     ; 5000                     ; 5000                     ;
; Iteration limit for non-constant Verilog loops                 ; 250                      ; 250                      ;
; Add Pass-Through Logic to Inferred RAMs                        ; On                       ; On                       ;
; Parallel Synthesis                                             ; Off                      ; Off                      ;
; NOT Gate Push-Back                                             ; On                       ; On                       ;
; Power-Up Don't Care                                            ; On                       ; On                       ;
; Remove Redundant Logic Cells                                   ; Off                      ; Off                      ;
; Remove Duplicate Registers                                     ; On                       ; On                       ;
; Ignore CARRY Buffers                                           ; Off                      ; Off                      ;
; Ignore CASCADE Buffers                                         ; Off                      ; Off                      ;
; Ignore GLOBAL Buffers                                          ; Off                      ; Off                      ;
; Ignore ROW GLOBAL Buffers                                      ; Off                      ; Off                      ;
; Ignore LCELL Buffers                                           ; Off                      ; Off                      ;
; Ignore SOFT Buffers                                            ; On                       ; On                       ;
; Limit AHDL Integers to 32 Bits                                 ; Off                      ; Off                      ;
; Auto Implement in ROM                                          ; Off                      ; Off                      ;
; Optimization Technique                                         ; Area                     ; Area                     ;
; Carry Chain Length                                             ; 32                       ; 32                       ;
; Cascade Chain Length                                           ; 2                        ; 2                        ;
; Auto Carry Chains                                              ; On                       ; On                       ;
; Auto Open-Drain Pins                                           ; On                       ; On                       ;
; Auto ROM Replacement                                           ; On                       ; On                       ;
; Auto RAM Replacement                                           ; On                       ; On                       ;
; Auto Clock Enable Replacement                                  ; On                       ; On                       ;
; Strict RAM Replacement                                         ; Off                      ; Off                      ;
; Auto Resource Sharing                                          ; Off                      ; Off                      ;
; Allow Any RAM Size For Recognition                             ; Off                      ; Off                      ;
; Allow Any ROM Size For Recognition                             ; Off                      ; Off                      ;
; Use LogicLock Constraints during Resource Balancing            ; On                       ; On                       ;
; Ignore translate_off and synthesis_off directives              ; Off                      ; Off                      ;
; Show Parameter Settings Tables in Synthesis Report             ; On                       ; On                       ;
; HDL message level                                              ; Level2                   ; Level2                   ;
; Suppress Register Optimization Related Messages                ; Off                      ; Off                      ;
; Number of Removed Registers Reported in Synthesis Report       ; 100                      ; 100                      ;
; Number of Inverted Registers Reported in Synthesis Report      ; 100                      ; 100                      ;
; Block Design Naming                                            ; Auto                     ; Auto                     ;
; Synthesis Effort                                               ; Auto                     ; Auto                     ;
; Allows Asynchronous Clear Usage For Shift Register Replacement ; On                       ; On                       ;
; Analysis & Synthesis Message Level                             ; Medium                   ; Medium                   ;
+----------------------------------------------------------------+--------------------------+--------------------------+


+------------------------------------------------------------------------------------------------------------------------------------------------------------------+
; Analysis & Synthesis Source Files Read                                                                                                                           ;
+----------------------------------+-----------------+------------------------+------------------------------------------------------------------------------------+
; File Name with User-Entered Path ; Used in Netlist ; File Type              ; File Name with Absolute Path                                                       ;
+----------------------------------+-----------------+------------------------+------------------------------------------------------------------------------------+
; upanddowncounter_evenodd.v       ; yes             ; User Verilog HDL File  ; F:/Verilog Codes/random solves/upanddowncounter_evenodd/upanddowncounter_evenodd.v ;
; lpm_counter.tdf                  ; yes             ; Megafunction           ; c:/altera/81/quartus/libraries/megafunctions/lpm_counter.tdf                       ;
; lpm_constant.inc                 ; yes             ; Megafunction           ; c:/altera/81/quartus/libraries/megafunctions/lpm_constant.inc                      ;
; lpm_decode.inc                   ; yes             ; Megafunction           ; c:/altera/81/quartus/libraries/megafunctions/lpm_decode.inc                        ;
; lpm_add_sub.inc                  ; yes             ; Megafunction           ; c:/altera/81/quartus/libraries/megafunctions/lpm_add_sub.inc                       ;
; cmpconst.inc                     ; yes             ; Megafunction           ; c:/altera/81/quartus/libraries/megafunctions/cmpconst.inc                          ;
; lpm_compare.inc                  ; yes             ; Megafunction           ; c:/altera/81/quartus/libraries/megafunctions/lpm_compare.inc                       ;
; lpm_counter.inc                  ; yes             ; Megafunction           ; c:/altera/81/quartus/libraries/megafunctions/lpm_counter.inc                       ;
; dffeea.inc                       ; yes             ; Megafunction           ; c:/altera/81/quartus/libraries/megafunctions/dffeea.inc                            ;
; alt_synch_counter.inc            ; yes             ; Megafunction           ; c:/altera/81/quartus/libraries/megafunctions/alt_synch_counter.inc                 ;
; alt_synch_counter_f.inc          ; yes             ; Megafunction           ; c:/altera/81/quartus/libraries/megafunctions/alt_synch_counter_f.inc               ;
; alt_counter_f10ke.inc            ; yes             ; Megafunction           ; c:/altera/81/quartus/libraries/megafunctions/alt_counter_f10ke.inc                 ;
; alt_counter_stratix.inc          ; yes             ; Megafunction           ; c:/altera/81/quartus/libraries/megafunctions/alt_counter_stratix.inc               ;
; aglobal81.inc                    ; yes             ; Megafunction           ; c:/altera/81/quartus/libraries/megafunctions/aglobal81.inc                         ;
; alt_counter_f10ke.tdf            ; yes             ; Megafunction           ; c:/altera/81/quartus/libraries/megafunctions/alt_counter_f10ke.tdf                 ;
; flex10ke_lcell.inc               ; yes             ; Megafunction           ; c:/altera/81/quartus/libraries/megafunctions/flex10ke_lcell.inc                    ;
+----------------------------------+-----------------+------------------------+------------------------------------------------------------------------------------+


+---------------------------------------------+
; Analysis & Synthesis Resource Usage Summary ;
+-----------------------------------+---------+
; Resource                          ; Usage   ;
+-----------------------------------+---------+
; Total logic elements              ; 9       ;
; Total combinational functions     ; 9       ;
;     -- Total 4-input functions    ; 0       ;
;     -- Total 3-input functions    ; 0       ;
;     -- Total 2-input functions    ; 0       ;
;     -- Total 1-input functions    ; 9       ;
;     -- Total 0-input functions    ; 0       ;
; Total registers                   ; 8       ;
; Total logic cells in carry chains ; 8       ;
; I/O pins                          ; 18      ;
; Maximum fan-out node              ; clk     ;
; Maximum fan-out                   ; 8       ;
; Total fan-out                     ; 32      ;
; Average fan-out                   ; 1.19    ;
+-----------------------------------+---------+


+-----------------------------------------------------------------------------------------------------------------------------------------------------------------------------------------------------------------------------------------------------------------------------+
; Analysis & Synthesis Resource Utilization by Entity                                                                                                                                                                                                                         ;
+----------------------------------------+-------------+--------------+-------------+------+--------------+-------------------+------------------+-----------------+------------+------------------------------------------------------------------------------+--------------+
; Compilation Hierarchy Node             ; Logic Cells ; LC Registers ; Memory Bits ; Pins ; LUT-Only LCs ; Register-Only LCs ; LUT/Register LCs ; Carry Chain LCs ; Packed LCs ; Full Hierarchy Name                                                          ; Library Name ;
+----------------------------------------+-------------+--------------+-------------+------+--------------+-------------------+------------------+-----------------+------------+------------------------------------------------------------------------------+--------------+
; |upanddowncounter_evenodd              ; 9 (1)       ; 8            ; 0           ; 18   ; 1 (1)        ; 0 (0)             ; 8 (0)            ; 8 (0)           ; 0 (0)      ; |upanddowncounter_evenodd                                                    ; work         ;
;    |lpm_counter:Q_rtl_0|               ; 8 (0)       ; 8            ; 0           ; 0    ; 0 (0)        ; 0 (0)             ; 8 (0)            ; 8 (0)           ; 0 (0)      ; |upanddowncounter_evenodd|lpm_counter:Q_rtl_0                                ; work         ;
;       |alt_counter_f10ke:wysi_counter| ; 8 (8)       ; 8            ; 0           ; 0    ; 0 (0)        ; 0 (0)             ; 8 (8)            ; 8 (8)           ; 0 (0)      ; |upanddowncounter_evenodd|lpm_counter:Q_rtl_0|alt_counter_f10ke:wysi_counter ; work         ;
+----------------------------------------+-------------+--------------+-------------+------+--------------+-------------------+------------------+-----------------+------------+------------------------------------------------------------------------------+--------------+
Note: For table entries with two numbers listed, the numbers in parentheses indicate the number of resources of the given type used by the specific entity alone. The numbers listed outside of parentheses indicate the total resources of the given type used by the specific entity and all of its sub-entities in the hierarchy.


+------------------------------------------------------+
; General Register Statistics                          ;
+----------------------------------------------+-------+
; Statistic                                    ; Value ;
+----------------------------------------------+-------+
; Total registers                              ; 8     ;
; Number of registers using Synchronous Clear  ; 0     ;
; Number of registers using Synchronous Load   ; 0     ;
; Number of registers using Asynchronous Clear ; 0     ;
; Number of registers using Asynchronous Load  ; 0     ;
; Number of registers using Clock Enable       ; 0     ;
; Number of registers using Preset             ; 0     ;
+----------------------------------------------+-------+


+-----------------------------------------------+
; Source assignments for lpm_counter:Q_rtl_0    ;
+---------------------------+-------+------+----+
; Assignment                ; Value ; From ; To ;
+---------------------------+-------+------+----+
; SUPPRESS_DA_RULE_INTERNAL ; a101  ; -    ; -  ;
; SUPPRESS_DA_RULE_INTERNAL ; s102  ; -    ; -  ;
; SUPPRESS_DA_RULE_INTERNAL ; s103  ; -    ; -  ;
+---------------------------+-------+------+----+


+----------------------------------------------------------------------+
; Parameter Settings for Inferred Entity Instance: lpm_counter:Q_rtl_0 ;
+------------------------+-------------------+-------------------------+
; Parameter Name         ; Value             ; Type                    ;
+------------------------+-------------------+-------------------------+
; AUTO_CARRY_CHAINS      ; ON                ; AUTO_CARRY              ;
; IGNORE_CARRY_BUFFERS   ; OFF               ; IGNORE_CARRY            ;
; AUTO_CASCADE_CHAINS    ; ON                ; AUTO_CASCADE            ;
; IGNORE_CASCADE_BUFFERS ; OFF               ; IGNORE_CASCADE          ;
; LPM_WIDTH              ; 8                 ; Untyped                 ;
; LPM_DIRECTION          ; DEFAULT           ; Untyped                 ;
; LPM_MODULUS            ; 0                 ; Untyped                 ;
; LPM_AVALUE             ; UNUSED            ; Untyped                 ;
; LPM_SVALUE             ; UNUSED            ; Untyped                 ;
; LPM_PORT_UPDOWN        ; PORT_CONNECTIVITY ; Untyped                 ;
; DEVICE_FAMILY          ; FLEX10K           ; Untyped                 ;
; CARRY_CHAIN            ; MANUAL            ; Untyped                 ;
; CARRY_CHAIN_LENGTH     ; 48                ; CARRY_CHAIN_LENGTH      ;
; NOT_GATE_PUSH_BACK     ; ON                ; NOT_GATE_PUSH_BACK      ;
; CARRY_CNT_EN           ; SMART             ; Untyped                 ;
; LABWIDE_SCLR           ; ON                ; Untyped                 ;
; USE_NEW_VERSION        ; TRUE              ; Untyped                 ;
; CBXI_PARAMETER         ; NOTHING           ; Untyped                 ;
+------------------------+-------------------+-------------------------+
Note: In order to hide this table in the UI and the text report file, please set the "Show Parameter Settings Tables in Synthesis Report" option in "Analysis and Synthesis Settings -> More Settings" to "Off".


+-------------------------------+
; Analysis & Synthesis Messages ;
+-------------------------------+
Info: *******************************************************************
Info: Running Quartus II Analysis & Synthesis
    Info: Version 8.1 Build 163 10/28/2008 SJ Web Edition
    Info: Processing started: Wed Aug 16 11:53:36 2023
Info: Command: quartus_map --read_settings_files=on --write_settings_files=off upanddowncounter_evenodd -c upanddowncounter_evenodd
Info: Found 1 design units, including 1 entities, in source file upanddowncounter_evenodd.v
    Info: Found entity 1: upanddowncounter_evenodd
Info: Elaborating entity "upanddowncounter_evenodd" for the top level hierarchy
Warning (10855): Verilog HDL warning at upanddowncounter_evenodd.v(5): initial value for variable Q should be constant
Warning (10230): Verilog HDL assignment warning at upanddowncounter_evenodd.v(11): truncated value with size 32 to match size of target (8)
Warning (10230): Verilog HDL assignment warning at upanddowncounter_evenodd.v(13): truncated value with size 32 to match size of target (8)
Info: Inferred 1 megafunctions from design logic
    Info: Inferred lpm_counter megafunction (LPM_WIDTH=8) from the following logic: "Q[0]~8"
Info: Elaborated megafunction instantiation "lpm_counter:Q_rtl_0"
Info: Instantiated megafunction "lpm_counter:Q_rtl_0" with the following parameter:
    Info: Parameter "LPM_WIDTH" = "8"
    Info: Parameter "LPM_DIRECTION" = "UNUSED"
    Info: Parameter "LPM_TYPE" = "LPM_COUNTER"
Info: Elaborated megafunction instantiation "lpm_counter:Q_rtl_0|alt_counter_f10ke:wysi_counter", which is child of megafunction instantiation "lpm_counter:Q_rtl_0"
Warning: Design contains 8 input pin(s) that do not drive logic
    Warning (15610): No output dependent on input pin "A[1]"
    Warning (15610): No output dependent on input pin "A[2]"
    Warning (15610): No output dependent on input pin "A[3]"
    Warning (15610): No output dependent on input pin "A[4]"
    Warning (15610): No output dependent on input pin "A[5]"
    Warning (15610): No output dependent on input pin "A[6]"
    Warning (15610): No output dependent on input pin "A[7]"
    Warning (15610): No output dependent on input pin "load"
Info: Implemented 27 device resources after synthesis - the final resource count might be different
    Info: Implemented 10 input pins
    Info: Implemented 8 output pins
    Info: Implemented 9 logic cells
Info: Quartus II Analysis & Synthesis was successful. 0 errors, 12 warnings
    Info: Peak virtual memory: 218 megabytes
    Info: Processing ended: Wed Aug 16 11:53:37 2023
    Info: Elapsed time: 00:00:01
    Info: Total CPU time (on all processors): 00:00:01


