Classic Timing Analyzer report for rotateorcount2
Wed Aug 16 01:15:42 2023
Quartus II Version 8.1 Build 163 10/28/2008 SJ Web Edition


---------------------
; Table of Contents ;
---------------------
  1. Legal Notice
  2. Timing Analyzer Summary
  3. Timing Analyzer Settings
  4. Clock Settings Summary
  5. tsu
  6. tco
  7. th
  8. Timing Analyzer Messages



----------------
; Legal Notice ;
----------------
Copyright (C) 1991-2008 Altera Corporation
Your use of Altera Corporation's design tools, logic functions 
and other software and tools, and its AMPP partner logic 
functions, and any output files from any of the foregoing 
(including device programming or simulation files), and any 
associated documentation or information are expressly subject 
to the terms and conditions of the Altera Program License 
Subscription Agreement, Altera MegaCore Function License 
Agreement, or other applicable license agreement, including, 
without limitation, that your use is for the sole purpose of 
programming logic devices manufactured by Altera and sold by 
Altera or its authorized distributors.  Please refer to the 
applicable agreement for further details.



+-----------------------------------------------------------------------------------------------------------------------------------+
; Timing Analyzer Summary                                                                                                           ;
+------------------------------+-------+---------------+-------------+-----------+-----------+------------+----------+--------------+
; Type                         ; Slack ; Required Time ; Actual Time ; From      ; To        ; From Clock ; To Clock ; Failed Paths ;
+------------------------------+-------+---------------+-------------+-----------+-----------+------------+----------+--------------+
; Worst-case tsu               ; N/A   ; None          ; 11.000 ns   ; A[3]      ; R[2]~reg0 ; --         ; clk      ; 0            ;
; Worst-case tco               ; N/A   ; None          ; 10.900 ns   ; R[3]~reg0 ; R[3]      ; clk        ; --       ; 0            ;
; Worst-case th                ; N/A   ; None          ; 0.600 ns    ; rotate    ; R[3]~reg0 ; --         ; clk      ; 0            ;
; Total number of failed paths ;       ;               ;             ;           ;           ;            ;          ; 0            ;
+------------------------------+-------+---------------+-------------+-----------+-----------+------------+----------+--------------+


+--------------------------------------------------------------------------------------------------------------------+
; Timing Analyzer Settings                                                                                           ;
+---------------------------------------------------------------------+--------------------+------+----+-------------+
; Option                                                              ; Setting            ; From ; To ; Entity Name ;
+---------------------------------------------------------------------+--------------------+------+----+-------------+
; Device Name                                                         ; EPF10K10TC144-3    ;      ;    ;             ;
; Timing Models                                                       ; Final              ;      ;    ;             ;
; Default hold multicycle                                             ; Same as Multicycle ;      ;    ;             ;
; Cut paths between unrelated clock domains                           ; On                 ;      ;    ;             ;
; Cut off read during write signal paths                              ; On                 ;      ;    ;             ;
; Cut off feedback from I/O pins                                      ; On                 ;      ;    ;             ;
; Report Combined Fast/Slow Timing                                    ; Off                ;      ;    ;             ;
; Ignore Clock Settings                                               ; Off                ;      ;    ;             ;
; Analyze latches as synchronous elements                             ; On                 ;      ;    ;             ;
; Enable Recovery/Removal analysis                                    ; Off                ;      ;    ;             ;
; Enable Clock Latency                                                ; Off                ;      ;    ;             ;
; Use TimeQuest Timing Analyzer                                       ; Off                ;      ;    ;             ;
; Minimum Core Junction Temperature                                   ; 0                  ;      ;    ;             ;
; Maximum Core Junction Temperature                                   ; 85                 ;      ;    ;             ;
; Number of source nodes to report per destination node               ; 10                 ;      ;    ;             ;
; Number of destination nodes to report                               ; 10                 ;      ;    ;             ;
; Number of paths to report                                           ; 200                ;      ;    ;             ;
; Report Minimum Timing Checks                                        ; Off                ;      ;    ;             ;
; Use Fast Timing Models                                              ; Off                ;      ;    ;             ;
; Report IO Paths Separately                                          ; Off                ;      ;    ;             ;
; Perform Multicorner Analysis                                        ; Off                ;      ;    ;             ;
; Reports the worst-case path for each clock domain and analysis      ; Off                ;      ;    ;             ;
; Removes common clock path pessimism (CCPP) during slack computation ; Off                ;      ;    ;             ;
; Output I/O Timing Endpoint                                          ; Near End           ;      ;    ;             ;
+---------------------------------------------------------------------+--------------------+------+----+-------------+


+------------------------------------------------------------------------------------------------------------------------------------------------------------------------------------+
; Clock Settings Summary                                                                                                                                                             ;
+-----------------+--------------------+----------+------------------+---------------+--------------+----------+-----------------------+---------------------+--------+--------------+
; Clock Node Name ; Clock Setting Name ; Type     ; Fmax Requirement ; Early Latency ; Late Latency ; Based on ; Multiply Base Fmax by ; Divide Base Fmax by ; Offset ; Phase offset ;
+-----------------+--------------------+----------+------------------+---------------+--------------+----------+-----------------------+---------------------+--------+--------------+
; clk             ;                    ; User Pin ; None             ; 0.000 ns      ; 0.000 ns     ; --       ; N/A                   ; N/A                 ; N/A    ;              ;
+-----------------+--------------------+----------+------------------+---------------+--------------+----------+-----------------------+---------------------+--------+--------------+


+-------------------------------------------------------------------+
; tsu                                                               ;
+-------+--------------+------------+--------+-----------+----------+
; Slack ; Required tsu ; Actual tsu ; From   ; To        ; To Clock ;
+-------+--------------+------------+--------+-----------+----------+
; N/A   ; None         ; 11.000 ns  ; A[3]   ; R[2]~reg0 ; clk      ;
; N/A   ; None         ; 9.000 ns   ; A[2]   ; R[1]~reg0 ; clk      ;
; N/A   ; None         ; 8.800 ns   ; B[0]   ; R[1]~reg0 ; clk      ;
; N/A   ; None         ; 8.800 ns   ; B[0]   ; R[2]~reg0 ; clk      ;
; N/A   ; None         ; 8.800 ns   ; B[1]   ; R[1]~reg0 ; clk      ;
; N/A   ; None         ; 8.800 ns   ; B[1]   ; R[2]~reg0 ; clk      ;
; N/A   ; None         ; 8.500 ns   ; A[3]   ; R[1]~reg0 ; clk      ;
; N/A   ; None         ; 8.500 ns   ; A[3]   ; R[3]~reg0 ; clk      ;
; N/A   ; None         ; 8.500 ns   ; rotate ; R[1]~reg0 ; clk      ;
; N/A   ; None         ; 8.500 ns   ; rotate ; R[2]~reg0 ; clk      ;
; N/A   ; None         ; 8.400 ns   ; A[1]   ; R[0]~reg0 ; clk      ;
; N/A   ; None         ; 8.400 ns   ; A[1]   ; R[3]~reg0 ; clk      ;
; N/A   ; None         ; 7.600 ns   ; B[1]   ; R[0]~reg0 ; clk      ;
; N/A   ; None         ; 7.300 ns   ; A[3]   ; R[0]~reg0 ; clk      ;
; N/A   ; None         ; 7.300 ns   ; rotate ; R[0]~reg0 ; clk      ;
; N/A   ; None         ; 7.200 ns   ; A[1]   ; R[1]~reg0 ; clk      ;
; N/A   ; None         ; 7.200 ns   ; A[1]   ; R[2]~reg0 ; clk      ;
; N/A   ; None         ; 6.500 ns   ; A[2]   ; R[3]~reg0 ; clk      ;
; N/A   ; None         ; 6.500 ns   ; A[0]   ; R[0]~reg0 ; clk      ;
; N/A   ; None         ; 6.500 ns   ; A[0]   ; R[2]~reg0 ; clk      ;
; N/A   ; None         ; 6.500 ns   ; A[0]   ; R[3]~reg0 ; clk      ;
; N/A   ; None         ; 6.300 ns   ; B[0]   ; R[3]~reg0 ; clk      ;
; N/A   ; None         ; 6.300 ns   ; B[1]   ; R[3]~reg0 ; clk      ;
; N/A   ; None         ; 5.800 ns   ; B[0]   ; R[0]~reg0 ; clk      ;
; N/A   ; None         ; 5.300 ns   ; A[2]   ; R[0]~reg0 ; clk      ;
; N/A   ; None         ; 5.300 ns   ; A[2]   ; R[2]~reg0 ; clk      ;
; N/A   ; None         ; 5.300 ns   ; A[0]   ; R[1]~reg0 ; clk      ;
; N/A   ; None         ; 2.100 ns   ; rotate ; R[3]~reg0 ; clk      ;
+-------+--------------+------------+--------+-----------+----------+


+-------------------------------------------------------------------+
; tco                                                               ;
+-------+--------------+------------+-----------+------+------------+
; Slack ; Required tco ; Actual tco ; From      ; To   ; From Clock ;
+-------+--------------+------------+-----------+------+------------+
; N/A   ; None         ; 10.900 ns  ; R[3]~reg0 ; R[3] ; clk        ;
; N/A   ; None         ; 10.000 ns  ; R[2]~reg0 ; R[2] ; clk        ;
; N/A   ; None         ; 10.000 ns  ; R[1]~reg0 ; R[1] ; clk        ;
; N/A   ; None         ; 10.000 ns  ; R[0]~reg0 ; R[0] ; clk        ;
+-------+--------------+------------+-----------+------+------------+


+-------------------------------------------------------------------------+
; th                                                                      ;
+---------------+-------------+-----------+--------+-----------+----------+
; Minimum Slack ; Required th ; Actual th ; From   ; To        ; To Clock ;
+---------------+-------------+-----------+--------+-----------+----------+
; N/A           ; None        ; 0.600 ns  ; rotate ; R[3]~reg0 ; clk      ;
; N/A           ; None        ; 0.400 ns  ; rotate ; R[1]~reg0 ; clk      ;
; N/A           ; None        ; 0.400 ns  ; rotate ; R[2]~reg0 ; clk      ;
; N/A           ; None        ; 0.400 ns  ; A[0]   ; R[0]~reg0 ; clk      ;
; N/A           ; None        ; -0.100 ns ; rotate ; R[0]~reg0 ; clk      ;
; N/A           ; None        ; -1.900 ns ; B[0]   ; R[0]~reg0 ; clk      ;
; N/A           ; None        ; -1.900 ns ; B[1]   ; R[1]~reg0 ; clk      ;
; N/A           ; None        ; -1.900 ns ; B[1]   ; R[2]~reg0 ; clk      ;
; N/A           ; None        ; -1.900 ns ; A[0]   ; R[3]~reg0 ; clk      ;
; N/A           ; None        ; -2.100 ns ; A[0]   ; R[1]~reg0 ; clk      ;
; N/A           ; None        ; -2.100 ns ; A[0]   ; R[2]~reg0 ; clk      ;
; N/A           ; None        ; -2.400 ns ; B[0]   ; R[1]~reg0 ; clk      ;
; N/A           ; None        ; -2.400 ns ; B[0]   ; R[2]~reg0 ; clk      ;
; N/A           ; None        ; -2.400 ns ; A[2]   ; R[3]~reg0 ; clk      ;
; N/A           ; None        ; -2.600 ns ; A[2]   ; R[0]~reg0 ; clk      ;
; N/A           ; None        ; -2.600 ns ; A[2]   ; R[2]~reg0 ; clk      ;
; N/A           ; None        ; -3.100 ns ; B[0]   ; R[3]~reg0 ; clk      ;
; N/A           ; None        ; -3.100 ns ; B[1]   ; R[3]~reg0 ; clk      ;
; N/A           ; None        ; -3.600 ns ; B[1]   ; R[0]~reg0 ; clk      ;
; N/A           ; None        ; -4.500 ns ; A[1]   ; R[1]~reg0 ; clk      ;
; N/A           ; None        ; -4.500 ns ; A[1]   ; R[2]~reg0 ; clk      ;
; N/A           ; None        ; -4.600 ns ; A[3]   ; R[0]~reg0 ; clk      ;
; N/A           ; None        ; -4.700 ns ; A[1]   ; R[3]~reg0 ; clk      ;
; N/A           ; None        ; -4.700 ns ; A[3]   ; R[3]~reg0 ; clk      ;
; N/A           ; None        ; -5.700 ns ; A[1]   ; R[0]~reg0 ; clk      ;
; N/A           ; None        ; -5.800 ns ; A[3]   ; R[1]~reg0 ; clk      ;
; N/A           ; None        ; -6.300 ns ; A[2]   ; R[1]~reg0 ; clk      ;
; N/A           ; None        ; -8.300 ns ; A[3]   ; R[2]~reg0 ; clk      ;
+---------------+-------------+-----------+--------+-----------+----------+


+--------------------------+
; Timing Analyzer Messages ;
+--------------------------+
Info: *******************************************************************
Info: Running Quartus II Classic Timing Analyzer
    Info: Version 8.1 Build 163 10/28/2008 SJ Web Edition
    Info: Processing started: Wed Aug 16 01:15:42 2023
Info: Command: quartus_tan --read_settings_files=off --write_settings_files=off rotateorcount2 -c rotateorcount2
Info: Started post-fitting delay annotation
Info: Delay annotation completed successfully
Warning: Found pins functioning as undefined clocks and/or memory enables
    Info: Assuming node "clk" is an undefined clock
Info: No valid register-to-register data paths exist for clock "clk"
Info: tsu for register "R[2]~reg0" (data pin = "A[3]", clock pin = "clk") is 11.000 ns
    Info: + Longest pin to register delay is 13.600 ns
        Info: 1: + IC(0.000 ns) + CELL(3.100 ns) = 3.100 ns; Loc. = PIN_17; Fanout = 5; PIN Node = 'A[3]'
        Info: 2: + IC(2.900 ns) + CELL(1.900 ns) = 7.900 ns; Loc. = LC7_B11; Fanout = 1; COMB Node = 'R~1181'
        Info: 3: + IC(0.600 ns) + CELL(1.900 ns) = 10.400 ns; Loc. = LC2_B11; Fanout = 1; COMB Node = 'R~1182'
        Info: 4: + IC(1.800 ns) + CELL(1.400 ns) = 13.600 ns; Loc. = LC8_B12; Fanout = 1; REG Node = 'R[2]~reg0'
        Info: Total cell delay = 8.300 ns ( 61.03 % )
        Info: Total interconnect delay = 5.300 ns ( 38.97 % )
    Info: + Micro setup delay of destination is 1.300 ns
    Info: - Shortest clock path from clock "clk" to destination register is 3.900 ns
        Info: 1: + IC(0.000 ns) + CELL(1.900 ns) = 1.900 ns; Loc. = PIN_55; Fanout = 4; CLK Node = 'clk'
        Info: 2: + IC(2.000 ns) + CELL(0.000 ns) = 3.900 ns; Loc. = LC8_B12; Fanout = 1; REG Node = 'R[2]~reg0'
        Info: Total cell delay = 1.900 ns ( 48.72 % )
        Info: Total interconnect delay = 2.000 ns ( 51.28 % )
Info: tco from clock "clk" to destination pin "R[3]" through register "R[3]~reg0" is 10.900 ns
    Info: + Longest clock path from clock "clk" to source register is 3.900 ns
        Info: 1: + IC(0.000 ns) + CELL(1.900 ns) = 1.900 ns; Loc. = PIN_55; Fanout = 4; CLK Node = 'clk'
        Info: 2: + IC(2.000 ns) + CELL(0.000 ns) = 3.900 ns; Loc. = LC2_B6; Fanout = 1; REG Node = 'R[3]~reg0'
        Info: Total cell delay = 1.900 ns ( 48.72 % )
        Info: Total interconnect delay = 2.000 ns ( 51.28 % )
    Info: + Micro clock to output delay of source is 0.900 ns
    Info: + Longest register to pin delay is 6.100 ns
        Info: 1: + IC(0.000 ns) + CELL(0.000 ns) = 0.000 ns; Loc. = LC2_B6; Fanout = 1; REG Node = 'R[3]~reg0'
        Info: 2: + IC(2.200 ns) + CELL(3.900 ns) = 6.100 ns; Loc. = PIN_91; Fanout = 0; PIN Node = 'R[3]'
        Info: Total cell delay = 3.900 ns ( 63.93 % )
        Info: Total interconnect delay = 2.200 ns ( 36.07 % )
Info: th for register "R[3]~reg0" (data pin = "rotate", clock pin = "clk") is 0.600 ns
    Info: + Longest clock path from clock "clk" to destination register is 3.900 ns
        Info: 1: + IC(0.000 ns) + CELL(1.900 ns) = 1.900 ns; Loc. = PIN_55; Fanout = 4; CLK Node = 'clk'
        Info: 2: + IC(2.000 ns) + CELL(0.000 ns) = 3.900 ns; Loc. = LC2_B6; Fanout = 1; REG Node = 'R[3]~reg0'
        Info: Total cell delay = 1.900 ns ( 48.72 % )
        Info: Total interconnect delay = 2.000 ns ( 51.28 % )
    Info: + Micro hold delay of destination is 1.400 ns
    Info: - Shortest pin to register delay is 4.700 ns
        Info: 1: + IC(0.000 ns) + CELL(1.900 ns) = 1.900 ns; Loc. = PIN_56; Fanout = 7; PIN Node = 'rotate'
        Info: 2: + IC(1.900 ns) + CELL(0.900 ns) = 4.700 ns; Loc. = LC2_B6; Fanout = 1; REG Node = 'R[3]~reg0'
        Info: Total cell delay = 2.800 ns ( 59.57 % )
        Info: Total interconnect delay = 1.900 ns ( 40.43 % )
Info: Quartus II Classic Timing Analyzer was successful. 0 errors, 1 warning
    Info: Peak virtual memory: 176 megabytes
    Info: Processing ended: Wed Aug 16 01:15:42 2023
    Info: Elapsed time: 00:00:00
    Info: Total CPU time (on all processors): 00:00:00


