Simulator report for binaryupdowncounter
Tue Aug 15 21:20:42 2023
Quartus II Version 8.1 Build 163 10/28/2008 SJ Web Edition


---------------------
; Table of Contents ;
---------------------
  1. Legal Notice
  2. Simulator Summary
  3. Simulator Settings
  4. Simulation Waveforms
  5. Coverage Summary
  6. Complete 1/0-Value Coverage
  7. Missing 1-Value Coverage
  8. Missing 0-Value Coverage
  9. Simulator INI Usage
 10. Simulator Messages



----------------
; Legal Notice ;
----------------
Copyright (C) 1991-2008 Altera Corporation
Your use of Altera Corporation's design tools, logic functions 
and other software and tools, and its AMPP partner logic 
functions, and any output files from any of the foregoing 
(including device programming or simulation files), and any 
associated documentation or information are expressly subject 
to the terms and conditions of the Altera Program License 
Subscription Agreement, Altera MegaCore Function License 
Agreement, or other applicable license agreement, including, 
without limitation, that your use is for the sole purpose of 
programming logic devices manufactured by Altera and sold by 
Altera or its authorized distributors.  Please refer to the 
applicable agreement for further details.



+--------------------------------------------+
; Simulator Summary                          ;
+-----------------------------+--------------+
; Type                        ; Value        ;
+-----------------------------+--------------+
; Simulation Start Time       ; 0 ps         ;
; Simulation End Time         ; 70.0 us      ;
; Simulation Netlist Size     ; 112 nodes    ;
; Simulation Coverage         ;      72.88 % ;
; Total Number of Transitions ; 1043         ;
; Simulation Breakpoints      ; 0            ;
; Family                      ; FLEX10K      ;
+-----------------------------+--------------+


+-------------------------------------------------------------------------------------------------------------------------+
; Simulator Settings                                                                                                      ;
+--------------------------------------------------------------------------------------------+------------+---------------+
; Option                                                                                     ; Setting    ; Default Value ;
+--------------------------------------------------------------------------------------------+------------+---------------+
; Simulation mode                                                                            ; Functional ; Timing        ;
; Start time                                                                                 ; 0 ns       ; 0 ns          ;
; Simulation results format                                                                  ; CVWF       ;               ;
; Add pins automatically to simulation output waveforms                                      ; On         ; On            ;
; Check outputs                                                                              ; Off        ; Off           ;
; Report simulation coverage                                                                 ; On         ; On            ;
; Display complete 1/0 value coverage report                                                 ; On         ; On            ;
; Display missing 1-value coverage report                                                    ; On         ; On            ;
; Display missing 0-value coverage report                                                    ; On         ; On            ;
; Detect setup and hold time violations                                                      ; Off        ; Off           ;
; Detect glitches                                                                            ; Off        ; Off           ;
; Disable timing delays in Timing Simulation                                                 ; Off        ; Off           ;
; Generate Signal Activity File                                                              ; Off        ; Off           ;
; Generate VCD File for PowerPlay Power Analyzer                                             ; Off        ; Off           ;
; Group bus channels in simulation results                                                   ; Off        ; Off           ;
; Preserve fewer signal transitions to reduce memory requirements                            ; On         ; On            ;
; Trigger vector comparison with the specified mode                                          ; INPUT_EDGE ; INPUT_EDGE    ;
; Disable setup and hold time violations detection in input registers of bi-directional pins ; Off        ; Off           ;
; Overwrite Waveform Inputs With Simulation Outputs                                          ; Off        ;               ;
; Perform Glitch Filtering in Timing Simulation                                              ; Auto       ; Auto          ;
+--------------------------------------------------------------------------------------------+------------+---------------+


+----------------------+
; Simulation Waveforms ;
+----------------------+
Waveform report data cannot be output to ASCII.
Please use Quartus II to view the waveform report data.


+--------------------------------------------------------------------+
; Coverage Summary                                                   ;
+-----------------------------------------------------+--------------+
; Type                                                ; Value        ;
+-----------------------------------------------------+--------------+
; Total coverage as a percentage                      ;      72.88 % ;
; Total nodes checked                                 ; 112          ;
; Total output ports checked                          ; 118          ;
; Total output ports with complete 1/0-value coverage ; 86           ;
; Total output ports with no 1/0-value coverage       ; 31           ;
; Total output ports with no 1-value coverage         ; 32           ;
; Total output ports with no 0-value coverage         ; 31           ;
+-----------------------------------------------------+--------------+


The following table displays output ports that toggle between 1 and 0 during simulation.
+--------------------------------------------------------------------------------------------------------------------------------------------------------------------------------------------------------+
; Complete 1/0-Value Coverage                                                                                                                                                                            ;
+------------------------------------------------------------------------------------------+------------------------------------------------------------------------------------------+------------------+
; Node Name                                                                                ; Output Port Name                                                                         ; Output Port Type ;
+------------------------------------------------------------------------------------------+------------------------------------------------------------------------------------------+------------------+
; |binaryupdowncounter|Q[3]~reg0                                                           ; |binaryupdowncounter|Q[3]~reg0                                                           ; regout           ;
; |binaryupdowncounter|Q[2]~reg0                                                           ; |binaryupdowncounter|Q[2]~reg0                                                           ; regout           ;
; |binaryupdowncounter|Q[1]~reg0                                                           ; |binaryupdowncounter|Q[1]~reg0                                                           ; regout           ;
; |binaryupdowncounter|Q[0]~reg0                                                           ; |binaryupdowncounter|Q[0]~reg0                                                           ; regout           ;
; |binaryupdowncounter|Q~0                                                                 ; |binaryupdowncounter|Q~0                                                                 ; out              ;
; |binaryupdowncounter|Q~1                                                                 ; |binaryupdowncounter|Q~1                                                                 ; out              ;
; |binaryupdowncounter|Q~2                                                                 ; |binaryupdowncounter|Q~2                                                                 ; out              ;
; |binaryupdowncounter|Q~3                                                                 ; |binaryupdowncounter|Q~3                                                                 ; out              ;
; |binaryupdowncounter|Q~4                                                                 ; |binaryupdowncounter|Q~4                                                                 ; out              ;
; |binaryupdowncounter|Q~5                                                                 ; |binaryupdowncounter|Q~5                                                                 ; out              ;
; |binaryupdowncounter|Q~6                                                                 ; |binaryupdowncounter|Q~6                                                                 ; out              ;
; |binaryupdowncounter|Q~7                                                                 ; |binaryupdowncounter|Q~7                                                                 ; out              ;
; |binaryupdowncounter|Q~8                                                                 ; |binaryupdowncounter|Q~8                                                                 ; out              ;
; |binaryupdowncounter|Q~9                                                                 ; |binaryupdowncounter|Q~9                                                                 ; out              ;
; |binaryupdowncounter|Q~10                                                                ; |binaryupdowncounter|Q~10                                                                ; out              ;
; |binaryupdowncounter|Q~11                                                                ; |binaryupdowncounter|Q~11                                                                ; out              ;
; |binaryupdowncounter|clk                                                                 ; |binaryupdowncounter|clk                                                                 ; out              ;
; |binaryupdowncounter|data[0]                                                             ; |binaryupdowncounter|data[0]                                                             ; out              ;
; |binaryupdowncounter|data[1]                                                             ; |binaryupdowncounter|data[1]                                                             ; out              ;
; |binaryupdowncounter|data[2]                                                             ; |binaryupdowncounter|data[2]                                                             ; out              ;
; |binaryupdowncounter|data[3]                                                             ; |binaryupdowncounter|data[3]                                                             ; out              ;
; |binaryupdowncounter|Q[0]                                                                ; |binaryupdowncounter|Q[0]                                                                ; pin_out          ;
; |binaryupdowncounter|Q[1]                                                                ; |binaryupdowncounter|Q[1]                                                                ; pin_out          ;
; |binaryupdowncounter|Q[2]                                                                ; |binaryupdowncounter|Q[2]                                                                ; pin_out          ;
; |binaryupdowncounter|Q[3]                                                                ; |binaryupdowncounter|Q[3]                                                                ; pin_out          ;
; |binaryupdowncounter|lpm_add_sub:Add1|result_node[1]                                     ; |binaryupdowncounter|lpm_add_sub:Add1|result_node[1]                                     ; out0             ;
; |binaryupdowncounter|lpm_add_sub:Add1|result_node[2]                                     ; |binaryupdowncounter|lpm_add_sub:Add1|result_node[2]                                     ; out0             ;
; |binaryupdowncounter|lpm_add_sub:Add1|result_node[3]                                     ; |binaryupdowncounter|lpm_add_sub:Add1|result_node[3]                                     ; out0             ;
; |binaryupdowncounter|lpm_add_sub:Add1|result_node[4]                                     ; |binaryupdowncounter|lpm_add_sub:Add1|result_node[4]                                     ; out0             ;
; |binaryupdowncounter|lpm_add_sub:Add1|addcore:adder|unreg_res_node[4]~1                  ; |binaryupdowncounter|lpm_add_sub:Add1|addcore:adder|unreg_res_node[4]~1                  ; out0             ;
; |binaryupdowncounter|lpm_add_sub:Add1|addcore:adder|unreg_res_node[3]~2                  ; |binaryupdowncounter|lpm_add_sub:Add1|addcore:adder|unreg_res_node[3]~2                  ; out0             ;
; |binaryupdowncounter|lpm_add_sub:Add1|addcore:adder|unreg_res_node[2]~3                  ; |binaryupdowncounter|lpm_add_sub:Add1|addcore:adder|unreg_res_node[2]~3                  ; out0             ;
; |binaryupdowncounter|lpm_add_sub:Add1|addcore:adder|unreg_res_node[1]~4                  ; |binaryupdowncounter|lpm_add_sub:Add1|addcore:adder|unreg_res_node[1]~4                  ; out0             ;
; |binaryupdowncounter|lpm_add_sub:Add1|addcore:adder|unreg_res_node[4]                    ; |binaryupdowncounter|lpm_add_sub:Add1|addcore:adder|unreg_res_node[4]                    ; out0             ;
; |binaryupdowncounter|lpm_add_sub:Add1|addcore:adder|unreg_res_node[3]                    ; |binaryupdowncounter|lpm_add_sub:Add1|addcore:adder|unreg_res_node[3]                    ; out0             ;
; |binaryupdowncounter|lpm_add_sub:Add1|addcore:adder|unreg_res_node[2]                    ; |binaryupdowncounter|lpm_add_sub:Add1|addcore:adder|unreg_res_node[2]                    ; out0             ;
; |binaryupdowncounter|lpm_add_sub:Add1|addcore:adder|unreg_res_node[1]                    ; |binaryupdowncounter|lpm_add_sub:Add1|addcore:adder|unreg_res_node[1]                    ; out0             ;
; |binaryupdowncounter|lpm_add_sub:Add1|addcore:adder|_~4                                  ; |binaryupdowncounter|lpm_add_sub:Add1|addcore:adder|_~4                                  ; out0             ;
; |binaryupdowncounter|lpm_add_sub:Add1|addcore:adder|_~5                                  ; |binaryupdowncounter|lpm_add_sub:Add1|addcore:adder|_~5                                  ; out0             ;
; |binaryupdowncounter|lpm_add_sub:Add1|addcore:adder|_~6                                  ; |binaryupdowncounter|lpm_add_sub:Add1|addcore:adder|_~6                                  ; out0             ;
; |binaryupdowncounter|lpm_add_sub:Add1|addcore:adder|_~11                                 ; |binaryupdowncounter|lpm_add_sub:Add1|addcore:adder|_~11                                 ; out0             ;
; |binaryupdowncounter|lpm_add_sub:Add1|addcore:adder|_~12                                 ; |binaryupdowncounter|lpm_add_sub:Add1|addcore:adder|_~12                                 ; out0             ;
; |binaryupdowncounter|lpm_add_sub:Add1|addcore:adder|_~13                                 ; |binaryupdowncounter|lpm_add_sub:Add1|addcore:adder|_~13                                 ; out0             ;
; |binaryupdowncounter|lpm_add_sub:Add1|addcore:adder|_~14                                 ; |binaryupdowncounter|lpm_add_sub:Add1|addcore:adder|_~14                                 ; out0             ;
; |binaryupdowncounter|lpm_add_sub:Add1|addcore:adder|_~15                                 ; |binaryupdowncounter|lpm_add_sub:Add1|addcore:adder|_~15                                 ; out0             ;
; |binaryupdowncounter|lpm_add_sub:Add1|addcore:adder|_~16                                 ; |binaryupdowncounter|lpm_add_sub:Add1|addcore:adder|_~16                                 ; out0             ;
; |binaryupdowncounter|lpm_add_sub:Add1|addcore:adder|_~17                                 ; |binaryupdowncounter|lpm_add_sub:Add1|addcore:adder|_~17                                 ; out0             ;
; |binaryupdowncounter|lpm_add_sub:Add1|addcore:adder|_~18                                 ; |binaryupdowncounter|lpm_add_sub:Add1|addcore:adder|_~18                                 ; out0             ;
; |binaryupdowncounter|lpm_add_sub:Add1|addcore:adder|_~19                                 ; |binaryupdowncounter|lpm_add_sub:Add1|addcore:adder|_~19                                 ; out0             ;
; |binaryupdowncounter|lpm_add_sub:Add1|addcore:adder|a_csnbuffer:result_node|cs_buffer[4] ; |binaryupdowncounter|lpm_add_sub:Add1|addcore:adder|a_csnbuffer:result_node|cs_buffer[4] ; sout             ;
; |binaryupdowncounter|lpm_add_sub:Add1|addcore:adder|a_csnbuffer:result_node|cs_buffer[3] ; |binaryupdowncounter|lpm_add_sub:Add1|addcore:adder|a_csnbuffer:result_node|cout[3]      ; cout             ;
; |binaryupdowncounter|lpm_add_sub:Add1|addcore:adder|a_csnbuffer:result_node|cs_buffer[3] ; |binaryupdowncounter|lpm_add_sub:Add1|addcore:adder|a_csnbuffer:result_node|cs_buffer[3] ; sout             ;
; |binaryupdowncounter|lpm_add_sub:Add1|addcore:adder|a_csnbuffer:result_node|cs_buffer[2] ; |binaryupdowncounter|lpm_add_sub:Add1|addcore:adder|a_csnbuffer:result_node|cout[2]      ; cout             ;
; |binaryupdowncounter|lpm_add_sub:Add1|addcore:adder|a_csnbuffer:result_node|cs_buffer[2] ; |binaryupdowncounter|lpm_add_sub:Add1|addcore:adder|a_csnbuffer:result_node|cs_buffer[2] ; sout             ;
; |binaryupdowncounter|lpm_add_sub:Add1|addcore:adder|a_csnbuffer:result_node|cs_buffer[1] ; |binaryupdowncounter|lpm_add_sub:Add1|addcore:adder|a_csnbuffer:result_node|cout[1]      ; cout             ;
; |binaryupdowncounter|lpm_add_sub:Add1|addcore:adder|a_csnbuffer:result_node|cs_buffer[1] ; |binaryupdowncounter|lpm_add_sub:Add1|addcore:adder|a_csnbuffer:result_node|cs_buffer[1] ; sout             ;
; |binaryupdowncounter|lpm_add_sub:Add0|result_node[0]                                     ; |binaryupdowncounter|lpm_add_sub:Add0|result_node[0]                                     ; out0             ;
; |binaryupdowncounter|lpm_add_sub:Add0|result_node[1]                                     ; |binaryupdowncounter|lpm_add_sub:Add0|result_node[1]                                     ; out0             ;
; |binaryupdowncounter|lpm_add_sub:Add0|result_node[2]                                     ; |binaryupdowncounter|lpm_add_sub:Add0|result_node[2]                                     ; out0             ;
; |binaryupdowncounter|lpm_add_sub:Add0|result_node[3]                                     ; |binaryupdowncounter|lpm_add_sub:Add0|result_node[3]                                     ; out0             ;
; |binaryupdowncounter|lpm_add_sub:Add0|addcore:adder|unreg_res_node[0]~0                  ; |binaryupdowncounter|lpm_add_sub:Add0|addcore:adder|unreg_res_node[0]~0                  ; out0             ;
; |binaryupdowncounter|lpm_add_sub:Add0|addcore:adder|unreg_res_node[0]                    ; |binaryupdowncounter|lpm_add_sub:Add0|addcore:adder|unreg_res_node[0]                    ; out0             ;
; |binaryupdowncounter|lpm_add_sub:Add0|addcore:adder|_~0                                  ; |binaryupdowncounter|lpm_add_sub:Add0|addcore:adder|_~0                                  ; out0             ;
; |binaryupdowncounter|lpm_add_sub:Add0|addcore:adder|_~3                                  ; |binaryupdowncounter|lpm_add_sub:Add0|addcore:adder|_~3                                  ; out0             ;
; |binaryupdowncounter|lpm_add_sub:Add0|addcore:adder|unreg_res_node[3]~1                  ; |binaryupdowncounter|lpm_add_sub:Add0|addcore:adder|unreg_res_node[3]~1                  ; out0             ;
; |binaryupdowncounter|lpm_add_sub:Add0|addcore:adder|unreg_res_node[2]~2                  ; |binaryupdowncounter|lpm_add_sub:Add0|addcore:adder|unreg_res_node[2]~2                  ; out0             ;
; |binaryupdowncounter|lpm_add_sub:Add0|addcore:adder|unreg_res_node[1]~3                  ; |binaryupdowncounter|lpm_add_sub:Add0|addcore:adder|unreg_res_node[1]~3                  ; out0             ;
; |binaryupdowncounter|lpm_add_sub:Add0|addcore:adder|unreg_res_node[3]                    ; |binaryupdowncounter|lpm_add_sub:Add0|addcore:adder|unreg_res_node[3]                    ; out0             ;
; |binaryupdowncounter|lpm_add_sub:Add0|addcore:adder|unreg_res_node[2]                    ; |binaryupdowncounter|lpm_add_sub:Add0|addcore:adder|unreg_res_node[2]                    ; out0             ;
; |binaryupdowncounter|lpm_add_sub:Add0|addcore:adder|unreg_res_node[1]                    ; |binaryupdowncounter|lpm_add_sub:Add0|addcore:adder|unreg_res_node[1]                    ; out0             ;
; |binaryupdowncounter|lpm_add_sub:Add0|addcore:adder|_~7                                  ; |binaryupdowncounter|lpm_add_sub:Add0|addcore:adder|_~7                                  ; out0             ;
; |binaryupdowncounter|lpm_add_sub:Add0|addcore:adder|_~8                                  ; |binaryupdowncounter|lpm_add_sub:Add0|addcore:adder|_~8                                  ; out0             ;
; |binaryupdowncounter|lpm_add_sub:Add0|addcore:adder|_~9                                  ; |binaryupdowncounter|lpm_add_sub:Add0|addcore:adder|_~9                                  ; out0             ;
; |binaryupdowncounter|lpm_add_sub:Add0|addcore:adder|_~10                                 ; |binaryupdowncounter|lpm_add_sub:Add0|addcore:adder|_~10                                 ; out0             ;
; |binaryupdowncounter|lpm_add_sub:Add0|addcore:adder|_~11                                 ; |binaryupdowncounter|lpm_add_sub:Add0|addcore:adder|_~11                                 ; out0             ;
; |binaryupdowncounter|lpm_add_sub:Add0|addcore:adder|_~12                                 ; |binaryupdowncounter|lpm_add_sub:Add0|addcore:adder|_~12                                 ; out0             ;
; |binaryupdowncounter|lpm_add_sub:Add0|addcore:adder|_~13                                 ; |binaryupdowncounter|lpm_add_sub:Add0|addcore:adder|_~13                                 ; out0             ;
; |binaryupdowncounter|lpm_add_sub:Add0|addcore:adder|_~14                                 ; |binaryupdowncounter|lpm_add_sub:Add0|addcore:adder|_~14                                 ; out0             ;
; |binaryupdowncounter|lpm_add_sub:Add0|addcore:adder|_~15                                 ; |binaryupdowncounter|lpm_add_sub:Add0|addcore:adder|_~15                                 ; out0             ;
; |binaryupdowncounter|lpm_add_sub:Add0|addcore:adder|a_csnbuffer:result_node|cs_buffer[3] ; |binaryupdowncounter|lpm_add_sub:Add0|addcore:adder|a_csnbuffer:result_node|cs_buffer[3] ; sout             ;
; |binaryupdowncounter|lpm_add_sub:Add0|addcore:adder|a_csnbuffer:result_node|cs_buffer[2] ; |binaryupdowncounter|lpm_add_sub:Add0|addcore:adder|a_csnbuffer:result_node|cout[2]      ; cout             ;
; |binaryupdowncounter|lpm_add_sub:Add0|addcore:adder|a_csnbuffer:result_node|cs_buffer[2] ; |binaryupdowncounter|lpm_add_sub:Add0|addcore:adder|a_csnbuffer:result_node|cs_buffer[2] ; sout             ;
; |binaryupdowncounter|lpm_add_sub:Add0|addcore:adder|a_csnbuffer:result_node|cs_buffer[1] ; |binaryupdowncounter|lpm_add_sub:Add0|addcore:adder|a_csnbuffer:result_node|cout[1]      ; cout             ;
; |binaryupdowncounter|lpm_add_sub:Add0|addcore:adder|a_csnbuffer:result_node|cs_buffer[1] ; |binaryupdowncounter|lpm_add_sub:Add0|addcore:adder|a_csnbuffer:result_node|cs_buffer[1] ; sout             ;
; |binaryupdowncounter|lpm_add_sub:Add0|addcore:adder|a_csnbuffer:result_node|cs_buffer[0] ; |binaryupdowncounter|lpm_add_sub:Add0|addcore:adder|a_csnbuffer:result_node|cout[0]      ; cout             ;
; |binaryupdowncounter|lpm_add_sub:Add0|addcore:adder|a_csnbuffer:result_node|cs_buffer[0] ; |binaryupdowncounter|lpm_add_sub:Add0|addcore:adder|a_csnbuffer:result_node|cs_buffer[0] ; sout             ;
+------------------------------------------------------------------------------------------+------------------------------------------------------------------------------------------+------------------+


The following table displays output ports that do not toggle to 1 during simulation.
+---------------------------------------------------------------------------------------------------------------------------------------------------------------------------------------------------+
; Missing 1-Value Coverage                                                                                                                                                                          ;
+------------------------------------------------------------------------------------------+-------------------------------------------------------------------------------------+------------------+
; Node Name                                                                                ; Output Port Name                                                                    ; Output Port Type ;
+------------------------------------------------------------------------------------------+-------------------------------------------------------------------------------------+------------------+
; |binaryupdowncounter|load                                                                ; |binaryupdowncounter|load                                                           ; out              ;
; |binaryupdowncounter|up                                                                  ; |binaryupdowncounter|up                                                             ; out              ;
; |binaryupdowncounter|down                                                                ; |binaryupdowncounter|down                                                           ; out              ;
; |binaryupdowncounter|lpm_add_sub:Add1|addcore:adder|datab_node[0]~0                      ; |binaryupdowncounter|lpm_add_sub:Add1|addcore:adder|datab_node[0]~0                 ; out0             ;
; |binaryupdowncounter|lpm_add_sub:Add1|addcore:adder|datab_node[0]                        ; |binaryupdowncounter|lpm_add_sub:Add1|addcore:adder|datab_node[0]                   ; out0             ;
; |binaryupdowncounter|lpm_add_sub:Add1|addcore:adder|unreg_res_node[0]~0                  ; |binaryupdowncounter|lpm_add_sub:Add1|addcore:adder|unreg_res_node[0]~0             ; out0             ;
; |binaryupdowncounter|lpm_add_sub:Add1|addcore:adder|unreg_res_node[0]                    ; |binaryupdowncounter|lpm_add_sub:Add1|addcore:adder|unreg_res_node[0]               ; out0             ;
; |binaryupdowncounter|lpm_add_sub:Add1|addcore:adder|_~0                                  ; |binaryupdowncounter|lpm_add_sub:Add1|addcore:adder|_~0                             ; out0             ;
; |binaryupdowncounter|lpm_add_sub:Add1|addcore:adder|_~1                                  ; |binaryupdowncounter|lpm_add_sub:Add1|addcore:adder|_~1                             ; out0             ;
; |binaryupdowncounter|lpm_add_sub:Add1|addcore:adder|_~2                                  ; |binaryupdowncounter|lpm_add_sub:Add1|addcore:adder|_~2                             ; out0             ;
; |binaryupdowncounter|lpm_add_sub:Add1|addcore:adder|_~3                                  ; |binaryupdowncounter|lpm_add_sub:Add1|addcore:adder|_~3                             ; out0             ;
; |binaryupdowncounter|lpm_add_sub:Add1|addcore:adder|datab_node[4]~1                      ; |binaryupdowncounter|lpm_add_sub:Add1|addcore:adder|datab_node[4]~1                 ; out0             ;
; |binaryupdowncounter|lpm_add_sub:Add1|addcore:adder|datab_node[4]                        ; |binaryupdowncounter|lpm_add_sub:Add1|addcore:adder|datab_node[4]                   ; out0             ;
; |binaryupdowncounter|lpm_add_sub:Add1|addcore:adder|datab_node[3]                        ; |binaryupdowncounter|lpm_add_sub:Add1|addcore:adder|datab_node[3]                   ; out0             ;
; |binaryupdowncounter|lpm_add_sub:Add1|addcore:adder|datab_node[2]                        ; |binaryupdowncounter|lpm_add_sub:Add1|addcore:adder|datab_node[2]                   ; out0             ;
; |binaryupdowncounter|lpm_add_sub:Add1|addcore:adder|datab_node[1]                        ; |binaryupdowncounter|lpm_add_sub:Add1|addcore:adder|datab_node[1]                   ; out0             ;
; |binaryupdowncounter|lpm_add_sub:Add1|addcore:adder|_~7                                  ; |binaryupdowncounter|lpm_add_sub:Add1|addcore:adder|_~7                             ; out0             ;
; |binaryupdowncounter|lpm_add_sub:Add1|addcore:adder|_~8                                  ; |binaryupdowncounter|lpm_add_sub:Add1|addcore:adder|_~8                             ; out0             ;
; |binaryupdowncounter|lpm_add_sub:Add1|addcore:adder|_~9                                  ; |binaryupdowncounter|lpm_add_sub:Add1|addcore:adder|_~9                             ; out0             ;
; |binaryupdowncounter|lpm_add_sub:Add1|addcore:adder|_~10                                 ; |binaryupdowncounter|lpm_add_sub:Add1|addcore:adder|_~10                            ; out0             ;
; |binaryupdowncounter|lpm_add_sub:Add1|addcore:adder|a_csnbuffer:result_node|cs_buffer[0] ; |binaryupdowncounter|lpm_add_sub:Add1|addcore:adder|a_csnbuffer:result_node|cout[0] ; cout             ;
; |binaryupdowncounter|lpm_add_sub:Add0|addcore:adder|datab_node[0]~0                      ; |binaryupdowncounter|lpm_add_sub:Add0|addcore:adder|datab_node[0]~0                 ; out0             ;
; |binaryupdowncounter|lpm_add_sub:Add0|addcore:adder|datab_node[0]                        ; |binaryupdowncounter|lpm_add_sub:Add0|addcore:adder|datab_node[0]                   ; out0             ;
; |binaryupdowncounter|lpm_add_sub:Add0|addcore:adder|_~1                                  ; |binaryupdowncounter|lpm_add_sub:Add0|addcore:adder|_~1                             ; out0             ;
; |binaryupdowncounter|lpm_add_sub:Add0|addcore:adder|_~2                                  ; |binaryupdowncounter|lpm_add_sub:Add0|addcore:adder|_~2                             ; out0             ;
; |binaryupdowncounter|lpm_add_sub:Add0|addcore:adder|datab_node[3]~1                      ; |binaryupdowncounter|lpm_add_sub:Add0|addcore:adder|datab_node[3]~1                 ; out0             ;
; |binaryupdowncounter|lpm_add_sub:Add0|addcore:adder|datab_node[3]                        ; |binaryupdowncounter|lpm_add_sub:Add0|addcore:adder|datab_node[3]                   ; out0             ;
; |binaryupdowncounter|lpm_add_sub:Add0|addcore:adder|datab_node[2]                        ; |binaryupdowncounter|lpm_add_sub:Add0|addcore:adder|datab_node[2]                   ; out0             ;
; |binaryupdowncounter|lpm_add_sub:Add0|addcore:adder|datab_node[1]                        ; |binaryupdowncounter|lpm_add_sub:Add0|addcore:adder|datab_node[1]                   ; out0             ;
; |binaryupdowncounter|lpm_add_sub:Add0|addcore:adder|_~4                                  ; |binaryupdowncounter|lpm_add_sub:Add0|addcore:adder|_~4                             ; out0             ;
; |binaryupdowncounter|lpm_add_sub:Add0|addcore:adder|_~5                                  ; |binaryupdowncounter|lpm_add_sub:Add0|addcore:adder|_~5                             ; out0             ;
; |binaryupdowncounter|lpm_add_sub:Add0|addcore:adder|_~6                                  ; |binaryupdowncounter|lpm_add_sub:Add0|addcore:adder|_~6                             ; out0             ;
+------------------------------------------------------------------------------------------+-------------------------------------------------------------------------------------+------------------+


The following table displays output ports that do not toggle to 0 during simulation.
+---------------------------------------------------------------------------------------------------------------------------------------------------------------------------------------------------+
; Missing 0-Value Coverage                                                                                                                                                                          ;
+------------------------------------------------------------------------------------------+-------------------------------------------------------------------------------------+------------------+
; Node Name                                                                                ; Output Port Name                                                                    ; Output Port Type ;
+------------------------------------------------------------------------------------------+-------------------------------------------------------------------------------------+------------------+
; |binaryupdowncounter|up                                                                  ; |binaryupdowncounter|up                                                             ; out              ;
; |binaryupdowncounter|down                                                                ; |binaryupdowncounter|down                                                           ; out              ;
; |binaryupdowncounter|lpm_add_sub:Add1|addcore:adder|datab_node[0]~0                      ; |binaryupdowncounter|lpm_add_sub:Add1|addcore:adder|datab_node[0]~0                 ; out0             ;
; |binaryupdowncounter|lpm_add_sub:Add1|addcore:adder|datab_node[0]                        ; |binaryupdowncounter|lpm_add_sub:Add1|addcore:adder|datab_node[0]                   ; out0             ;
; |binaryupdowncounter|lpm_add_sub:Add1|addcore:adder|unreg_res_node[0]~0                  ; |binaryupdowncounter|lpm_add_sub:Add1|addcore:adder|unreg_res_node[0]~0             ; out0             ;
; |binaryupdowncounter|lpm_add_sub:Add1|addcore:adder|unreg_res_node[0]                    ; |binaryupdowncounter|lpm_add_sub:Add1|addcore:adder|unreg_res_node[0]               ; out0             ;
; |binaryupdowncounter|lpm_add_sub:Add1|addcore:adder|_~0                                  ; |binaryupdowncounter|lpm_add_sub:Add1|addcore:adder|_~0                             ; out0             ;
; |binaryupdowncounter|lpm_add_sub:Add1|addcore:adder|_~1                                  ; |binaryupdowncounter|lpm_add_sub:Add1|addcore:adder|_~1                             ; out0             ;
; |binaryupdowncounter|lpm_add_sub:Add1|addcore:adder|_~2                                  ; |binaryupdowncounter|lpm_add_sub:Add1|addcore:adder|_~2                             ; out0             ;
; |binaryupdowncounter|lpm_add_sub:Add1|addcore:adder|_~3                                  ; |binaryupdowncounter|lpm_add_sub:Add1|addcore:adder|_~3                             ; out0             ;
; |binaryupdowncounter|lpm_add_sub:Add1|addcore:adder|datab_node[4]~1                      ; |binaryupdowncounter|lpm_add_sub:Add1|addcore:adder|datab_node[4]~1                 ; out0             ;
; |binaryupdowncounter|lpm_add_sub:Add1|addcore:adder|datab_node[4]                        ; |binaryupdowncounter|lpm_add_sub:Add1|addcore:adder|datab_node[4]                   ; out0             ;
; |binaryupdowncounter|lpm_add_sub:Add1|addcore:adder|datab_node[3]                        ; |binaryupdowncounter|lpm_add_sub:Add1|addcore:adder|datab_node[3]                   ; out0             ;
; |binaryupdowncounter|lpm_add_sub:Add1|addcore:adder|datab_node[2]                        ; |binaryupdowncounter|lpm_add_sub:Add1|addcore:adder|datab_node[2]                   ; out0             ;
; |binaryupdowncounter|lpm_add_sub:Add1|addcore:adder|datab_node[1]                        ; |binaryupdowncounter|lpm_add_sub:Add1|addcore:adder|datab_node[1]                   ; out0             ;
; |binaryupdowncounter|lpm_add_sub:Add1|addcore:adder|_~7                                  ; |binaryupdowncounter|lpm_add_sub:Add1|addcore:adder|_~7                             ; out0             ;
; |binaryupdowncounter|lpm_add_sub:Add1|addcore:adder|_~8                                  ; |binaryupdowncounter|lpm_add_sub:Add1|addcore:adder|_~8                             ; out0             ;
; |binaryupdowncounter|lpm_add_sub:Add1|addcore:adder|_~9                                  ; |binaryupdowncounter|lpm_add_sub:Add1|addcore:adder|_~9                             ; out0             ;
; |binaryupdowncounter|lpm_add_sub:Add1|addcore:adder|_~10                                 ; |binaryupdowncounter|lpm_add_sub:Add1|addcore:adder|_~10                            ; out0             ;
; |binaryupdowncounter|lpm_add_sub:Add1|addcore:adder|a_csnbuffer:result_node|cs_buffer[0] ; |binaryupdowncounter|lpm_add_sub:Add1|addcore:adder|a_csnbuffer:result_node|cout[0] ; cout             ;
; |binaryupdowncounter|lpm_add_sub:Add0|addcore:adder|datab_node[0]~0                      ; |binaryupdowncounter|lpm_add_sub:Add0|addcore:adder|datab_node[0]~0                 ; out0             ;
; |binaryupdowncounter|lpm_add_sub:Add0|addcore:adder|datab_node[0]                        ; |binaryupdowncounter|lpm_add_sub:Add0|addcore:adder|datab_node[0]                   ; out0             ;
; |binaryupdowncounter|lpm_add_sub:Add0|addcore:adder|_~1                                  ; |binaryupdowncounter|lpm_add_sub:Add0|addcore:adder|_~1                             ; out0             ;
; |binaryupdowncounter|lpm_add_sub:Add0|addcore:adder|_~2                                  ; |binaryupdowncounter|lpm_add_sub:Add0|addcore:adder|_~2                             ; out0             ;
; |binaryupdowncounter|lpm_add_sub:Add0|addcore:adder|datab_node[3]~1                      ; |binaryupdowncounter|lpm_add_sub:Add0|addcore:adder|datab_node[3]~1                 ; out0             ;
; |binaryupdowncounter|lpm_add_sub:Add0|addcore:adder|datab_node[3]                        ; |binaryupdowncounter|lpm_add_sub:Add0|addcore:adder|datab_node[3]                   ; out0             ;
; |binaryupdowncounter|lpm_add_sub:Add0|addcore:adder|datab_node[2]                        ; |binaryupdowncounter|lpm_add_sub:Add0|addcore:adder|datab_node[2]                   ; out0             ;
; |binaryupdowncounter|lpm_add_sub:Add0|addcore:adder|datab_node[1]                        ; |binaryupdowncounter|lpm_add_sub:Add0|addcore:adder|datab_node[1]                   ; out0             ;
; |binaryupdowncounter|lpm_add_sub:Add0|addcore:adder|_~4                                  ; |binaryupdowncounter|lpm_add_sub:Add0|addcore:adder|_~4                             ; out0             ;
; |binaryupdowncounter|lpm_add_sub:Add0|addcore:adder|_~5                                  ; |binaryupdowncounter|lpm_add_sub:Add0|addcore:adder|_~5                             ; out0             ;
; |binaryupdowncounter|lpm_add_sub:Add0|addcore:adder|_~6                                  ; |binaryupdowncounter|lpm_add_sub:Add0|addcore:adder|_~6                             ; out0             ;
+------------------------------------------------------------------------------------------+-------------------------------------------------------------------------------------+------------------+


+---------------------+
; Simulator INI Usage ;
+--------+------------+
; Option ; Usage      ;
+--------+------------+


+--------------------+
; Simulator Messages ;
+--------------------+
Info: *******************************************************************
Info: Running Quartus II Simulator
    Info: Version 8.1 Build 163 10/28/2008 SJ Web Edition
    Info: Processing started: Tue Aug 15 21:20:42 2023
Info: Command: quartus_sim --read_settings_files=on --write_settings_files=off binaryupdowncounter -c binaryupdowncounter
Info: Using vector source file "F:/Verilog Codes/exp4/basic flipflops/binaryupdowncounter/binaryupdowncounter.vwf"
Info: Option to preserve fewer signal transitions to reduce memory requirements is enabled
    Info: Simulation has been partitioned into sub-simulations according to the maximum transition count determined by the engine. Transitions from memory will be flushed out to disk at the end of each sub-simulation to reduce memory requirements.
Warning: Found clock-sensitive change during active clock edge at time 2.5 us on register "|binaryupdowncounter|Q[1]~reg0"
Info: Simulation partitioned into 1 sub-simulations
Info: Simulation coverage is      72.88 %
Info: Number of transitions in simulation is 1043
Info: Quartus II Simulator was successful. 0 errors, 1 warning
    Info: Peak virtual memory: 151 megabytes
    Info: Processing ended: Tue Aug 15 21:20:42 2023
    Info: Elapsed time: 00:00:00
    Info: Total CPU time (on all processors): 00:00:00


