Classic Timing Analyzer report for oneonezero_mealy
Wed Aug 23 00:13:33 2023
Quartus II Version 8.1 Build 163 10/28/2008 SJ Web Edition


---------------------
; Table of Contents ;
---------------------
  1. Legal Notice
  2. Timing Analyzer Summary
  3. Timing Analyzer Settings
  4. Clock Settings Summary
  5. Clock Setup: 'clk'
  6. tsu
  7. tco
  8. th
  9. Timing Analyzer Messages



----------------
; Legal Notice ;
----------------
Copyright (C) 1991-2008 Altera Corporation
Your use of Altera Corporation's design tools, logic functions 
and other software and tools, and its AMPP partner logic 
functions, and any output files from any of the foregoing 
(including device programming or simulation files), and any 
associated documentation or information are expressly subject 
to the terms and conditions of the Altera Program License 
Subscription Agreement, Altera MegaCore Function License 
Agreement, or other applicable license agreement, including, 
without limitation, that your use is for the sole purpose of 
programming logic devices manufactured by Altera and sold by 
Altera or its authorized distributors.  Please refer to the 
applicable agreement for further details.



+---------------------------------------------------------------------------------------------------------------------------------------------------------+
; Timing Analyzer Summary                                                                                                                                 ;
+------------------------------+-------+---------------+----------------------------------+------------+-----------+------------+----------+--------------+
; Type                         ; Slack ; Required Time ; Actual Time                      ; From       ; To        ; From Clock ; To Clock ; Failed Paths ;
+------------------------------+-------+---------------+----------------------------------+------------+-----------+------------+----------+--------------+
; Worst-case tsu               ; N/A   ; None          ; 3.000 ns                         ; w          ; z$latch   ; --         ; clk      ; 0            ;
; Worst-case tco               ; N/A   ; None          ; 15.700 ns                        ; z$latch    ; z         ; clk        ; --       ; 0            ;
; Worst-case th                ; N/A   ; None          ; 1.400 ns                         ; w          ; z$latch   ; --         ; clk      ; 0            ;
; Clock Setup: 'clk'           ; N/A   ; None          ; 121.95 MHz ( period = 8.200 ns ) ; Y[2]$latch ; y[2]~reg0 ; clk        ; clk      ; 0            ;
; Total number of failed paths ;       ;               ;                                  ;            ;           ;            ;          ; 0            ;
+------------------------------+-------+---------------+----------------------------------+------------+-----------+------------+----------+--------------+


+--------------------------------------------------------------------------------------------------------------------+
; Timing Analyzer Settings                                                                                           ;
+---------------------------------------------------------------------+--------------------+------+----+-------------+
; Option                                                              ; Setting            ; From ; To ; Entity Name ;
+---------------------------------------------------------------------+--------------------+------+----+-------------+
; Device Name                                                         ; EPF10K10TC144-3    ;      ;    ;             ;
; Timing Models                                                       ; Final              ;      ;    ;             ;
; Default hold multicycle                                             ; Same as Multicycle ;      ;    ;             ;
; Cut paths between unrelated clock domains                           ; On                 ;      ;    ;             ;
; Cut off read during write signal paths                              ; On                 ;      ;    ;             ;
; Cut off feedback from I/O pins                                      ; On                 ;      ;    ;             ;
; Report Combined Fast/Slow Timing                                    ; Off                ;      ;    ;             ;
; Ignore Clock Settings                                               ; Off                ;      ;    ;             ;
; Analyze latches as synchronous elements                             ; On                 ;      ;    ;             ;
; Enable Recovery/Removal analysis                                    ; Off                ;      ;    ;             ;
; Enable Clock Latency                                                ; Off                ;      ;    ;             ;
; Use TimeQuest Timing Analyzer                                       ; Off                ;      ;    ;             ;
; Minimum Core Junction Temperature                                   ; 0                  ;      ;    ;             ;
; Maximum Core Junction Temperature                                   ; 85                 ;      ;    ;             ;
; Number of source nodes to report per destination node               ; 10                 ;      ;    ;             ;
; Number of destination nodes to report                               ; 10                 ;      ;    ;             ;
; Number of paths to report                                           ; 200                ;      ;    ;             ;
; Report Minimum Timing Checks                                        ; Off                ;      ;    ;             ;
; Use Fast Timing Models                                              ; Off                ;      ;    ;             ;
; Report IO Paths Separately                                          ; Off                ;      ;    ;             ;
; Perform Multicorner Analysis                                        ; Off                ;      ;    ;             ;
; Reports the worst-case path for each clock domain and analysis      ; Off                ;      ;    ;             ;
; Removes common clock path pessimism (CCPP) during slack computation ; Off                ;      ;    ;             ;
; Output I/O Timing Endpoint                                          ; Near End           ;      ;    ;             ;
+---------------------------------------------------------------------+--------------------+------+----+-------------+


+------------------------------------------------------------------------------------------------------------------------------------------------------------------------------------+
; Clock Settings Summary                                                                                                                                                             ;
+-----------------+--------------------+----------+------------------+---------------+--------------+----------+-----------------------+---------------------+--------+--------------+
; Clock Node Name ; Clock Setting Name ; Type     ; Fmax Requirement ; Early Latency ; Late Latency ; Based on ; Multiply Base Fmax by ; Divide Base Fmax by ; Offset ; Phase offset ;
+-----------------+--------------------+----------+------------------+---------------+--------------+----------+-----------------------+---------------------+--------+--------------+
; clk             ;                    ; User Pin ; None             ; 0.000 ns      ; 0.000 ns     ; --       ; N/A                   ; N/A                 ; N/A    ;              ;
+-----------------+--------------------+----------+------------------+---------------+--------------+----------+-----------------------+---------------------+--------+--------------+


+--------------------------------------------------------------------------------------------------------------------------------------------------------------------------------+
; Clock Setup: 'clk'                                                                                                                                                             ;
+-------+----------------------------------+------------+------------+------------+----------+-----------------------------+---------------------------+-------------------------+
; Slack ; Actual fmax (period)             ; From       ; To         ; From Clock ; To Clock ; Required Setup Relationship ; Required Longest P2P Time ; Actual Longest P2P Time ;
+-------+----------------------------------+------------+------------+------------+----------+-----------------------------+---------------------------+-------------------------+
; N/A   ; 121.95 MHz ( period = 8.200 ns ) ; Y[1]$latch ; y[1]~reg0  ; clk        ; clk      ; None                        ; None                      ; 1.500 ns                ;
; N/A   ; 121.95 MHz ( period = 8.200 ns ) ; Y[2]$latch ; y[2]~reg0  ; clk        ; clk      ; None                        ; None                      ; 1.500 ns                ;
; N/A   ; 204.08 MHz ( period = 4.900 ns ) ; y[1]~reg0  ; Y[1]$latch ; clk        ; clk      ; None                        ; None                      ; 5.000 ns                ;
; N/A   ; 204.08 MHz ( period = 4.900 ns ) ; y[1]~reg0  ; Y[2]$latch ; clk        ; clk      ; None                        ; None                      ; 5.000 ns                ;
; N/A   ; 227.27 MHz ( period = 4.400 ns ) ; y[2]~reg0  ; Y[1]$latch ; clk        ; clk      ; None                        ; None                      ; 4.500 ns                ;
; N/A   ; 227.27 MHz ( period = 4.400 ns ) ; y[2]~reg0  ; Y[2]$latch ; clk        ; clk      ; None                        ; None                      ; 4.500 ns                ;
; N/A   ; 227.27 MHz ( period = 4.400 ns ) ; y[2]~reg0  ; z$latch    ; clk        ; clk      ; None                        ; None                      ; 5.700 ns                ;
+-------+----------------------------------+------------+------------+------------+----------+-----------------------------+---------------------------+-------------------------+


+------------------------------------------------------------------+
; tsu                                                              ;
+-------+--------------+------------+------+------------+----------+
; Slack ; Required tsu ; Actual tsu ; From ; To         ; To Clock ;
+-------+--------------+------------+------+------------+----------+
; N/A   ; None         ; 3.000 ns   ; w    ; Y[1]$latch ; clk      ;
; N/A   ; None         ; 3.000 ns   ; w    ; Y[2]$latch ; clk      ;
; N/A   ; None         ; 3.000 ns   ; w    ; z$latch    ; clk      ;
+-------+--------------+------------+------+------------+----------+


+--------------------------------------------------------------------+
; tco                                                                ;
+-------+--------------+------------+------------+------+------------+
; Slack ; Required tco ; Actual tco ; From       ; To   ; From Clock ;
+-------+--------------+------------+------------+------+------------+
; N/A   ; None         ; 15.700 ns  ; z$latch    ; z    ; clk        ;
; N/A   ; None         ; 14.400 ns  ; Y[2]$latch ; Y[2] ; clk        ;
; N/A   ; None         ; 14.400 ns  ; Y[1]$latch ; Y[1] ; clk        ;
; N/A   ; None         ; 10.900 ns  ; y[2]~reg0  ; y[2] ; clk        ;
; N/A   ; None         ; 9.900 ns   ; y[1]~reg0  ; y[1] ; clk        ;
+-------+--------------+------------+------------+------+------------+


+------------------------------------------------------------------------+
; th                                                                     ;
+---------------+-------------+-----------+------+------------+----------+
; Minimum Slack ; Required th ; Actual th ; From ; To         ; To Clock ;
+---------------+-------------+-----------+------+------------+----------+
; N/A           ; None        ; 1.400 ns  ; w    ; Y[1]$latch ; clk      ;
; N/A           ; None        ; 1.400 ns  ; w    ; Y[2]$latch ; clk      ;
; N/A           ; None        ; 1.400 ns  ; w    ; z$latch    ; clk      ;
+---------------+-------------+-----------+------+------------+----------+


+--------------------------+
; Timing Analyzer Messages ;
+--------------------------+
Info: *******************************************************************
Info: Running Quartus II Classic Timing Analyzer
    Info: Version 8.1 Build 163 10/28/2008 SJ Web Edition
    Info: Processing started: Wed Aug 23 00:13:33 2023
Info: Command: quartus_tan --read_settings_files=off --write_settings_files=off oneonezero_mealy -c oneonezero_mealy
Info: Started post-fitting delay annotation
Info: Delay annotation completed successfully
Warning: Timing Analysis is analyzing one or more combinational loops as latches
    Warning: Node "Y[1]$latch" is a latch
    Warning: Node "Y[2]$latch" is a latch
    Warning: Node "z$latch" is a latch
Warning: Found pins functioning as undefined clocks and/or memory enables
    Info: Assuming node "clk" is an undefined clock
Warning: Found 3 node(s) in clock paths which may be acting as ripple and/or gated clocks -- node(s) analyzed as buffer(s) resulting in clock skew
    Info: Detected gated clock "Mux1~10" as buffer
    Info: Detected ripple clock "y[2]~reg0" as buffer
    Info: Detected ripple clock "y[1]~reg0" as buffer
Info: Clock "clk" has Internal fmax of 121.95 MHz between source register "Y[1]$latch" and destination register "y[1]~reg0" (period= 8.2 ns)
    Info: + Longest register to register delay is 1.500 ns
        Info: 1: + IC(0.000 ns) + CELL(0.000 ns) = 0.000 ns; Loc. = LC5_B15; Fanout = 2; REG Node = 'Y[1]$latch'
        Info: 2: + IC(0.600 ns) + CELL(0.900 ns) = 1.500 ns; Loc. = LC1_B15; Fanout = 4; REG Node = 'y[1]~reg0'
        Info: Total cell delay = 0.900 ns ( 60.00 % )
        Info: Total interconnect delay = 0.600 ns ( 40.00 % )
    Info: - Smallest clock skew is -5.400 ns
        Info: + Shortest clock path from clock "clk" to destination register is 3.900 ns
            Info: 1: + IC(0.000 ns) + CELL(1.900 ns) = 1.900 ns; Loc. = PIN_55; Fanout = 2; CLK Node = 'clk'
            Info: 2: + IC(2.000 ns) + CELL(0.000 ns) = 3.900 ns; Loc. = LC1_B15; Fanout = 4; REG Node = 'y[1]~reg0'
            Info: Total cell delay = 1.900 ns ( 48.72 % )
            Info: Total interconnect delay = 2.000 ns ( 51.28 % )
        Info: - Longest clock path from clock "clk" to source register is 9.300 ns
            Info: 1: + IC(0.000 ns) + CELL(1.900 ns) = 1.900 ns; Loc. = PIN_55; Fanout = 2; CLK Node = 'clk'
            Info: 2: + IC(2.000 ns) + CELL(0.900 ns) = 4.800 ns; Loc. = LC1_B15; Fanout = 4; REG Node = 'y[1]~reg0'
            Info: 3: + IC(0.600 ns) + CELL(1.900 ns) = 7.300 ns; Loc. = LC4_B15; Fanout = 3; COMB Node = 'Mux1~10'
            Info: 4: + IC(0.600 ns) + CELL(1.400 ns) = 9.300 ns; Loc. = LC5_B15; Fanout = 2; REG Node = 'Y[1]$latch'
            Info: Total cell delay = 6.100 ns ( 65.59 % )
            Info: Total interconnect delay = 3.200 ns ( 34.41 % )
    Info: + Micro clock to output delay of source is 0.000 ns
    Info: + Micro setup delay of destination is 1.300 ns
Info: tsu for register "Y[1]$latch" (data pin = "w", clock pin = "clk") is 3.000 ns
    Info: + Longest pin to register delay is 7.900 ns
        Info: 1: + IC(0.000 ns) + CELL(1.900 ns) = 1.900 ns; Loc. = PIN_124; Fanout = 3; PIN Node = 'w'
        Info: 2: + IC(1.600 ns) + CELL(1.900 ns) = 5.400 ns; Loc. = LC6_B15; Fanout = 1; COMB Node = 'Mux2~28'
        Info: 3: + IC(0.600 ns) + CELL(1.900 ns) = 7.900 ns; Loc. = LC5_B15; Fanout = 2; REG Node = 'Y[1]$latch'
        Info: Total cell delay = 5.700 ns ( 72.15 % )
        Info: Total interconnect delay = 2.200 ns ( 27.85 % )
    Info: + Micro setup delay of destination is 3.900 ns
    Info: - Shortest clock path from clock "clk" to destination register is 8.800 ns
        Info: 1: + IC(0.000 ns) + CELL(1.900 ns) = 1.900 ns; Loc. = PIN_55; Fanout = 2; CLK Node = 'clk'
        Info: 2: + IC(2.000 ns) + CELL(0.900 ns) = 4.800 ns; Loc. = LC7_B15; Fanout = 5; REG Node = 'y[2]~reg0'
        Info: 3: + IC(0.600 ns) + CELL(1.400 ns) = 6.800 ns; Loc. = LC4_B15; Fanout = 3; COMB Node = 'Mux1~10'
        Info: 4: + IC(0.600 ns) + CELL(1.400 ns) = 8.800 ns; Loc. = LC5_B15; Fanout = 2; REG Node = 'Y[1]$latch'
        Info: Total cell delay = 5.600 ns ( 63.64 % )
        Info: Total interconnect delay = 3.200 ns ( 36.36 % )
Info: tco from clock "clk" to destination pin "z" through register "z$latch" is 15.700 ns
    Info: + Longest clock path from clock "clk" to source register is 10.500 ns
        Info: 1: + IC(0.000 ns) + CELL(1.900 ns) = 1.900 ns; Loc. = PIN_55; Fanout = 2; CLK Node = 'clk'
        Info: 2: + IC(2.000 ns) + CELL(0.900 ns) = 4.800 ns; Loc. = LC1_B15; Fanout = 4; REG Node = 'y[1]~reg0'
        Info: 3: + IC(0.600 ns) + CELL(1.900 ns) = 7.300 ns; Loc. = LC4_B15; Fanout = 3; COMB Node = 'Mux1~10'
        Info: 4: + IC(1.800 ns) + CELL(1.400 ns) = 10.500 ns; Loc. = LC4_B13; Fanout = 1; REG Node = 'z$latch'
        Info: Total cell delay = 6.100 ns ( 58.10 % )
        Info: Total interconnect delay = 4.400 ns ( 41.90 % )
    Info: + Micro clock to output delay of source is 0.000 ns
    Info: + Longest register to pin delay is 5.200 ns
        Info: 1: + IC(0.000 ns) + CELL(0.000 ns) = 0.000 ns; Loc. = LC4_B13; Fanout = 1; REG Node = 'z$latch'
        Info: 2: + IC(1.300 ns) + CELL(3.900 ns) = 5.200 ns; Loc. = PIN_20; Fanout = 0; PIN Node = 'z'
        Info: Total cell delay = 3.900 ns ( 75.00 % )
        Info: Total interconnect delay = 1.300 ns ( 25.00 % )
Info: th for register "Y[1]$latch" (data pin = "w", clock pin = "clk") is 1.400 ns
    Info: + Longest clock path from clock "clk" to destination register is 9.300 ns
        Info: 1: + IC(0.000 ns) + CELL(1.900 ns) = 1.900 ns; Loc. = PIN_55; Fanout = 2; CLK Node = 'clk'
        Info: 2: + IC(2.000 ns) + CELL(0.900 ns) = 4.800 ns; Loc. = LC1_B15; Fanout = 4; REG Node = 'y[1]~reg0'
        Info: 3: + IC(0.600 ns) + CELL(1.900 ns) = 7.300 ns; Loc. = LC4_B15; Fanout = 3; COMB Node = 'Mux1~10'
        Info: 4: + IC(0.600 ns) + CELL(1.400 ns) = 9.300 ns; Loc. = LC5_B15; Fanout = 2; REG Node = 'Y[1]$latch'
        Info: Total cell delay = 6.100 ns ( 65.59 % )
        Info: Total interconnect delay = 3.200 ns ( 34.41 % )
    Info: + Micro hold delay of destination is 0.000 ns
    Info: - Shortest pin to register delay is 7.900 ns
        Info: 1: + IC(0.000 ns) + CELL(1.900 ns) = 1.900 ns; Loc. = PIN_124; Fanout = 3; PIN Node = 'w'
        Info: 2: + IC(1.600 ns) + CELL(1.900 ns) = 5.400 ns; Loc. = LC6_B15; Fanout = 1; COMB Node = 'Mux2~28'
        Info: 3: + IC(0.600 ns) + CELL(1.900 ns) = 7.900 ns; Loc. = LC5_B15; Fanout = 2; REG Node = 'Y[1]$latch'
        Info: Total cell delay = 5.700 ns ( 72.15 % )
        Info: Total interconnect delay = 2.200 ns ( 27.85 % )
Info: Quartus II Classic Timing Analyzer was successful. 0 errors, 6 warnings
    Info: Peak virtual memory: 176 megabytes
    Info: Processing ended: Wed Aug 23 00:13:34 2023
    Info: Elapsed time: 00:00:01
    Info: Total CPU time (on all processors): 00:00:00


